<?xml version="1.0" encoding="UTF-8"?>
<testsuite xmlns:xsi="http://www.w3.org/2001/XMLSchema-instance" xsi:noNamespaceSchemaLocation="https://maven.apache.org/surefire/maven-surefire-plugin/xsd/surefire-test-report-3.0.xsd" version="3.0" name="com.github.arpitkb.service.MainTest" time="2.62" tests="1" errors="1" skipped="0" failures="0">
  <properties>
    <property name="gopherProxySet" value="false"/>
    <property name="awt.toolkit" value="sun.lwawt.macosx.LWCToolkit"/>
    <property name="java.specification.version" value="11"/>
    <property name="sun.cpu.isalist" value=""/>
    <property name="sun.jnu.encoding" value="UTF-8"/>
    <property name="java.class.path" value="/Users/arpibans/Stats-service/target/test-classes:/Users/arpibans/Stats-service/target/classes:/Users/arpibans/.m2/repository/io/helidon/microprofile/bundles/helidon-microprofile-core/2.5.1/helidon-microprofile-core-2.5.1.jar:/Users/arpibans/.m2/repository/io/helidon/microprofile/server/helidon-microprofile-server/2.5.1/helidon-microprofile-server-2.5.1.jar:/Users/arpibans/.m2/repository/io/helidon/microprofile/cdi/helidon-microprofile-cdi/2.5.1/helidon-microprofile-cdi-2.5.1.jar:/Users/arpibans/.m2/repository/io/helidon/microprofile/weld/weld-se-core/2.5.1/weld-se-core-2.5.1.jar:/Users/arpibans/.m2/repository/io/helidon/microprofile/weld/weld-core-impl/2.5.1/weld-core-impl-2.5.1.jar:/Users/arpibans/.m2/repository/org/jboss/weld/environment/weld-environment-common/3.1.6.Final/weld-environment-common-3.1.6.Final.jar:/Users/arpibans/.m2/repository/org/jboss/weld/weld-api/3.1.SP2/weld-api-3.1.SP2.jar:/Users/arpibans/.m2/repository/org/jboss/weld/weld-spi/3.1.SP2/weld-spi-3.1.SP2.jar:/Users/arpibans/.m2/repository/org/jboss/logging/jboss-logging/3.2.1.Final/jboss-logging-3.2.1.Final.jar:/Users/arpibans/.m2/repository/org/jboss/classfilewriter/jboss-classfilewriter/1.2.5.Final/jboss-classfilewriter-1.2.5.Final.jar:/Users/arpibans/.m2/repository/io/helidon/webserver/helidon-webserver/2.5.1/helidon-webserver-2.5.1.jar:/Users/arpibans/.m2/repository/io/helidon/common/helidon-common-key-util/2.5.1/helidon-common-key-util-2.5.1.jar:/Users/arpibans/.m2/repository/io/helidon/logging/helidon-logging-common/2.5.1/helidon-logging-common-2.5.1.jar:/Users/arpibans/.m2/repository/io/opentracing/opentracing-util/0.33.0/opentracing-util-0.33.0.jar:/Users/arpibans/.m2/repository/io/opentracing/opentracing-api/0.33.0/opentracing-api-0.33.0.jar:/Users/arpibans/.m2/repository/io/opentracing/opentracing-noop/0.33.0/opentracing-noop-0.33.0.jar:/Users/arpibans/.m2/repository/io/helidon/tracing/helidon-tracing-config/2.5.1/helidon-tracing-config-2.5.1.jar:/Users/arpibans/.m2/repository/io/netty/netty-codec-http/4.1.77.Final/netty-codec-http-4.1.77.Final.jar:/Users/arpibans/.m2/repository/io/netty/netty-common/4.1.77.Final/netty-common-4.1.77.Final.jar:/Users/arpibans/.m2/repository/io/netty/netty-transport/4.1.77.Final/netty-transport-4.1.77.Final.jar:/Users/arpibans/.m2/repository/io/netty/netty-codec/4.1.77.Final/netty-codec-4.1.77.Final.jar:/Users/arpibans/.m2/repository/io/netty/netty-codec-http2/4.1.77.Final/netty-codec-http2-4.1.77.Final.jar:/Users/arpibans/.m2/repository/io/netty/netty-handler/4.1.77.Final/netty-handler-4.1.77.Final.jar:/Users/arpibans/.m2/repository/io/netty/netty-resolver/4.1.77.Final/netty-resolver-4.1.77.Final.jar:/Users/arpibans/.m2/repository/io/helidon/webserver/helidon-webserver-static-content/2.5.1/helidon-webserver-static-content-2.5.1.jar:/Users/arpibans/.m2/repository/io/helidon/common/helidon-common-media-type/2.5.1/helidon-common-media-type-2.5.1.jar:/Users/arpibans/.m2/repository/io/helidon/webserver/helidon-webserver-jersey/2.5.1/helidon-webserver-jersey-2.5.1.jar:/Users/arpibans/.m2/repository/io/helidon/jersey/helidon-jersey-server/2.5.1/helidon-jersey-server-2.5.1.jar:/Users/arpibans/.m2/repository/org/glassfish/jersey/core/jersey-server/2.35/jersey-server-2.35.jar:/Users/arpibans/.m2/repository/jakarta/validation/jakarta.validation-api/2.0.2/jakarta.validation-api-2.0.2.jar:/Users/arpibans/.m2/repository/io/netty/netty-buffer/4.1.77.Final/netty-buffer-4.1.77.Final.jar:/Users/arpibans/.m2/repository/io/helidon/common/helidon-common-service-loader/2.5.1/helidon-common-service-loader-2.5.1.jar:/Users/arpibans/.m2/repository/jakarta/interceptor/jakarta.interceptor-api/1.2.5/jakarta.interceptor-api-1.2.5.jar:/Users/arpibans/.m2/repository/jakarta/enterprise/jakarta.enterprise.cdi-api/2.0.2/jakarta.enterprise.cdi-api-2.0.2.jar:/Users/arpibans/.m2/repository/jakarta/el/jakarta.el-api/3.0.3/jakarta.el-api-3.0.3.jar:/Users/arpibans/.m2/repository/io/helidon/config/helidon-config-yaml/2.5.1/helidon-config-yaml-2.5.1.jar:/Users/arpibans/.m2/repository/org/yaml/snakeyaml/1.30/snakeyaml-1.30.jar:/Users/arpibans/.m2/repository/org/glassfish/jersey/ext/cdi/jersey-weld2-se/2.35/jersey-weld2-se-2.35.jar:/Users/arpibans/.m2/repository/org/glassfish/jersey/ext/cdi/jersey-cdi1x/2.35/jersey-cdi1x-2.35.jar:/Users/arpibans/.m2/repository/io/helidon/jersey/helidon-jersey-media-jsonp/2.5.1/helidon-jersey-media-jsonp-2.5.1.jar:/Users/arpibans/.m2/repository/org/glassfish/jersey/media/jersey-media-json-processing/2.35/jersey-media-json-processing-2.35.jar:/Users/arpibans/.m2/repository/org/glassfish/jsonp-jaxrs/1.1.6/jsonp-jaxrs-1.1.6.jar:/Users/arpibans/.m2/repository/io/helidon/microprofile/config/helidon-microprofile-config/2.5.1/helidon-microprofile-config-2.5.1.jar:/Users/arpibans/.m2/repository/io/helidon/config/helidon-config-mp/2.5.1/helidon-config-mp-2.5.1.jar:/Users/arpibans/.m2/repository/io/helidon/config/helidon-config-encryption/2.5.1/helidon-config-encryption-2.5.1.jar:/Users/arpibans/.m2/repository/io/helidon/common/helidon-common-crypto/2.5.1/helidon-common-crypto-2.5.1.jar:/Users/arpibans/.m2/repository/io/helidon/config/helidon-config-object-mapping/2.5.1/helidon-config-object-mapping-2.5.1.jar:/Users/arpibans/.m2/repository/io/helidon/microprofile/metrics/helidon-microprofile-metrics/2.5.1/helidon-microprofile-metrics-2.5.1.jar:/Users/arpibans/.m2/repository/io/helidon/service-common/helidon-service-common-rest-cdi/2.5.1/helidon-service-common-rest-cdi-2.5.1.jar:/Users/arpibans/.m2/repository/io/helidon/service-common/helidon-service-common-rest/2.5.1/helidon-service-common-rest-2.5.1.jar:/Users/arpibans/.m2/repository/io/helidon/metrics/helidon-metrics-api/2.5.1/helidon-metrics-api-2.5.1.jar:/Users/arpibans/.m2/repository/io/helidon/config/helidon-config/2.5.1/helidon-config-2.5.1.jar:/Users/arpibans/.m2/repository/io/helidon/config/helidon-config-metadata/2.5.1/helidon-config-metadata-2.5.1.jar:/Users/arpibans/.m2/repository/io/helidon/metrics/helidon-metrics-service-api/2.5.1/helidon-metrics-service-api-2.5.1.jar:/Users/arpibans/.m2/repository/io/helidon/common/helidon-common/2.5.1/helidon-common-2.5.1.jar:/Users/arpibans/.m2/repository/io/helidon/metrics/helidon-metrics/2.5.1/helidon-metrics-2.5.1.jar:/Users/arpibans/.m2/repository/io/helidon/common/helidon-common-configurable/2.5.1/helidon-common-configurable-2.5.1.jar:/Users/arpibans/.m2/repository/io/helidon/webserver/helidon-webserver-cors/2.5.1/helidon-webserver-cors-2.5.1.jar:/Users/arpibans/.m2/repository/org/eclipse/microprofile/metrics/microprofile-metrics-api/2.3.2/microprofile-metrics-api-2.3.2.jar:/Users/arpibans/.m2/repository/io/helidon/microprofile/health/helidon-microprofile-health/2.5.1/helidon-microprofile-health-2.5.1.jar:/Users/arpibans/.m2/repository/io/helidon/health/helidon-health/2.5.1/helidon-health-2.5.1.jar:/Users/arpibans/.m2/repository/io/helidon/fault-tolerance/helidon-fault-tolerance/2.5.1/helidon-fault-tolerance-2.5.1.jar:/Users/arpibans/.m2/repository/org/eclipse/microprofile/config/microprofile-config-api/1.4/microprofile-config-api-1.4.jar:/Users/arpibans/.m2/repository/org/eclipse/microprofile/health/microprofile-health-api/2.2/microprofile-health-api-2.2.jar:/Users/arpibans/.m2/repository/io/helidon/health/helidon-health-common/2.5.1/helidon-health-common-2.5.1.jar:/Users/arpibans/.m2/repository/io/helidon/media/helidon-media-jsonp/2.5.1/helidon-media-jsonp-2.5.1.jar:/Users/arpibans/.m2/repository/io/helidon/common/helidon-common-http/2.5.1/helidon-common-http-2.5.1.jar:/Users/arpibans/.m2/repository/io/helidon/common/helidon-common-reactive/2.5.1/helidon-common-reactive-2.5.1.jar:/Users/arpibans/.m2/repository/io/helidon/common/helidon-common-context/2.5.1/helidon-common-context-2.5.1.jar:/Users/arpibans/.m2/repository/io/helidon/media/helidon-media-common/2.5.1/helidon-media-common-2.5.1.jar:/Users/arpibans/.m2/repository/io/helidon/common/helidon-common-mapper/2.5.1/helidon-common-mapper-2.5.1.jar:/Users/arpibans/.m2/repository/org/glassfish/jakarta.json/1.1.6/jakarta.json-1.1.6.jar:/Users/arpibans/.m2/repository/org/jboss/jandex/2.3.1.Final/jandex-2.3.1.Final.jar:/Users/arpibans/.m2/repository/org/junit/jupiter/junit-jupiter-api/5.7.0/junit-jupiter-api-5.7.0.jar:/Users/arpibans/.m2/repository/org/apiguardian/apiguardian-api/1.1.0/apiguardian-api-1.1.0.jar:/Users/arpibans/.m2/repository/org/opentest4j/opentest4j/1.2.0/opentest4j-1.2.0.jar:/Users/arpibans/.m2/repository/org/junit/platform/junit-platform-commons/1.7.0/junit-platform-commons-1.7.0.jar:/Users/arpibans/.m2/repository/io/helidon/microprofile/tests/helidon-microprofile-tests-junit5/2.5.1/helidon-microprofile-tests-junit5-2.5.1.jar:/Users/arpibans/.m2/repository/io/helidon/jersey/helidon-jersey-client/2.5.1/helidon-jersey-client-2.5.1.jar:/Users/arpibans/.m2/repository/org/glassfish/jersey/core/jersey-client/2.35/jersey-client-2.35.jar:/Users/arpibans/.m2/repository/org/glassfish/jersey/inject/jersey-hk2/2.35/jersey-hk2-2.35.jar:/Users/arpibans/.m2/repository/org/glassfish/hk2/hk2-locator/2.6.1/hk2-locator-2.6.1.jar:/Users/arpibans/.m2/repository/org/glassfish/hk2/external/aopalliance-repackaged/2.6.1/aopalliance-repackaged-2.6.1.jar:/Users/arpibans/.m2/repository/org/glassfish/hk2/hk2-api/2.6.1/hk2-api-2.6.1.jar:/Users/arpibans/.m2/repository/org/glassfish/hk2/hk2-utils/2.6.1/hk2-utils-2.6.1.jar:/Users/arpibans/.m2/repository/org/javassist/javassist/3.25.0-GA/javassist-3.25.0-GA.jar:/Users/arpibans/.m2/repository/jakarta/xml/bind/jakarta.xml.bind-api/2.3.3/jakarta.xml.bind-api-2.3.3.jar:/Users/arpibans/.m2/repository/jakarta/inject/jakarta.inject-api/1.0/jakarta.inject-api-1.0.jar:/Users/arpibans/.m2/repository/io/helidon/config/helidon-config-yaml-mp/2.5.1/helidon-config-yaml-mp-2.5.1.jar:/Users/arpibans/.m2/repository/jakarta/annotation/jakarta.annotation-api/1.3.5/jakarta.annotation-api-1.3.5.jar:/Users/arpibans/.m2/repository/org/apache/kafka/kafka-streams/3.2.0/kafka-streams-3.2.0.jar:/Users/arpibans/.m2/repository/org/rocksdb/rocksdbjni/6.29.4.1/rocksdbjni-6.29.4.1.jar:/Users/arpibans/.m2/repository/com/fasterxml/jackson/core/jackson-annotations/2.13.2/jackson-annotations-2.13.2.jar:/Users/arpibans/.m2/repository/com/fasterxml/jackson/core/jackson-databind/2.13.2.2/jackson-databind-2.13.2.2.jar:/Users/arpibans/.m2/repository/com/fasterxml/jackson/core/jackson-core/2.13.2/jackson-core-2.13.2.jar:/Users/arpibans/.m2/repository/org/apache/commons/commons-lang3/3.12.0/commons-lang3-3.12.0.jar:/Users/arpibans/.m2/repository/org/apache/kafka/kafka-clients/3.2.0/kafka-clients-3.2.0.jar:/Users/arpibans/.m2/repository/com/github/luben/zstd-jni/1.5.2-1/zstd-jni-1.5.2-1.jar:/Users/arpibans/.m2/repository/org/lz4/lz4-java/1.8.0/lz4-java-1.8.0.jar:/Users/arpibans/.m2/repository/org/xerial/snappy/snappy-java/1.1.8.4/snappy-java-1.1.8.4.jar:/Users/arpibans/.m2/repository/org/slf4j/slf4j-simple/2.0.0-alpha7/slf4j-simple-2.0.0-alpha7.jar:/Users/arpibans/.m2/repository/org/slf4j/slf4j-api/2.0.0-alpha7/slf4j-api-2.0.0-alpha7.jar:/Users/arpibans/.m2/repository/org/glassfish/jersey/media/jersey-media-json-jackson/2.35/jersey-media-json-jackson-2.35.jar:/Users/arpibans/.m2/repository/org/glassfish/jersey/core/jersey-common/2.35/jersey-common-2.35.jar:/Users/arpibans/.m2/repository/jakarta/ws/rs/jakarta.ws.rs-api/2.1.6/jakarta.ws.rs-api-2.1.6.jar:/Users/arpibans/.m2/repository/org/glassfish/hk2/external/jakarta.inject/2.6.1/jakarta.inject-2.6.1.jar:/Users/arpibans/.m2/repository/org/glassfish/hk2/osgi-resource-locator/1.0.3/osgi-resource-locator-1.0.3.jar:/Users/arpibans/.m2/repository/org/glassfish/jersey/ext/jersey-entity-filtering/2.35/jersey-entity-filtering-2.35.jar:/Users/arpibans/.m2/repository/com/fasterxml/jackson/module/jackson-module-jaxb-annotations/2.13.2/jackson-module-jaxb-annotations-2.13.2.jar:/Users/arpibans/.m2/repository/jakarta/activation/jakarta.activation-api/1.2.2/jakarta.activation-api-1.2.2.jar:/Users/arpibans/.m2/repository/com/google/code/gson/gson/2.9.0/gson-2.9.0.jar:"/>
    <property name="java.vm.vendor" value="Oracle Corporation"/>
    <property name="sun.arch.data.model" value="64"/>
    <property name="java.vendor.url" value="https://openjdk.java.net/"/>
    <property name="user.timezone" value="Asia/Kolkata"/>
    <property name="java.vm.specification.version" value="11"/>
    <property name="os.name" value="Mac OS X"/>
    <property name="sun.java.launcher" value="SUN_STANDARD"/>
    <property name="user.country" value="IN"/>
    <property name="sun.boot.library.path" value="/Library/Java/JavaVirtualMachines/jdk-11.0.15.1.jdk/Contents/Home/lib"/>
    <property name="sun.java.command" value="/Users/arpibans/Stats-service/target/surefire/surefirebooter18189467928957282691.jar /Users/arpibans/Stats-service/target/surefire 2022-06-16T12-54-29_978-jvmRun1 surefire11233203921804204480tmp surefire_013351003062514415581tmp"/>
    <property name="jdk.debug" value="release"/>
    <property name="surefire.test.class.path" value="/Users/arpibans/Stats-service/target/test-classes:/Users/arpibans/Stats-service/target/classes:/Users/arpibans/.m2/repository/io/helidon/microprofile/bundles/helidon-microprofile-core/2.5.1/helidon-microprofile-core-2.5.1.jar:/Users/arpibans/.m2/repository/io/helidon/microprofile/server/helidon-microprofile-server/2.5.1/helidon-microprofile-server-2.5.1.jar:/Users/arpibans/.m2/repository/io/helidon/microprofile/cdi/helidon-microprofile-cdi/2.5.1/helidon-microprofile-cdi-2.5.1.jar:/Users/arpibans/.m2/repository/io/helidon/microprofile/weld/weld-se-core/2.5.1/weld-se-core-2.5.1.jar:/Users/arpibans/.m2/repository/io/helidon/microprofile/weld/weld-core-impl/2.5.1/weld-core-impl-2.5.1.jar:/Users/arpibans/.m2/repository/org/jboss/weld/environment/weld-environment-common/3.1.6.Final/weld-environment-common-3.1.6.Final.jar:/Users/arpibans/.m2/repository/org/jboss/weld/weld-api/3.1.SP2/weld-api-3.1.SP2.jar:/Users/arpibans/.m2/repository/org/jboss/weld/weld-spi/3.1.SP2/weld-spi-3.1.SP2.jar:/Users/arpibans/.m2/repository/org/jboss/logging/jboss-logging/3.2.1.Final/jboss-logging-3.2.1.Final.jar:/Users/arpibans/.m2/repository/org/jboss/classfilewriter/jboss-classfilewriter/1.2.5.Final/jboss-classfilewriter-1.2.5.Final.jar:/Users/arpibans/.m2/repository/io/helidon/webserver/helidon-webserver/2.5.1/helidon-webserver-2.5.1.jar:/Users/arpibans/.m2/repository/io/helidon/common/helidon-common-key-util/2.5.1/helidon-common-key-util-2.5.1.jar:/Users/arpibans/.m2/repository/io/helidon/logging/helidon-logging-common/2.5.1/helidon-logging-common-2.5.1.jar:/Users/arpibans/.m2/repository/io/opentracing/opentracing-util/0.33.0/opentracing-util-0.33.0.jar:/Users/arpibans/.m2/repository/io/opentracing/opentracing-api/0.33.0/opentracing-api-0.33.0.jar:/Users/arpibans/.m2/repository/io/opentracing/opentracing-noop/0.33.0/opentracing-noop-0.33.0.jar:/Users/arpibans/.m2/repository/io/helidon/tracing/helidon-tracing-config/2.5.1/helidon-tracing-config-2.5.1.jar:/Users/arpibans/.m2/repository/io/netty/netty-codec-http/4.1.77.Final/netty-codec-http-4.1.77.Final.jar:/Users/arpibans/.m2/repository/io/netty/netty-common/4.1.77.Final/netty-common-4.1.77.Final.jar:/Users/arpibans/.m2/repository/io/netty/netty-transport/4.1.77.Final/netty-transport-4.1.77.Final.jar:/Users/arpibans/.m2/repository/io/netty/netty-codec/4.1.77.Final/netty-codec-4.1.77.Final.jar:/Users/arpibans/.m2/repository/io/netty/netty-codec-http2/4.1.77.Final/netty-codec-http2-4.1.77.Final.jar:/Users/arpibans/.m2/repository/io/netty/netty-handler/4.1.77.Final/netty-handler-4.1.77.Final.jar:/Users/arpibans/.m2/repository/io/netty/netty-resolver/4.1.77.Final/netty-resolver-4.1.77.Final.jar:/Users/arpibans/.m2/repository/io/helidon/webserver/helidon-webserver-static-content/2.5.1/helidon-webserver-static-content-2.5.1.jar:/Users/arpibans/.m2/repository/io/helidon/common/helidon-common-media-type/2.5.1/helidon-common-media-type-2.5.1.jar:/Users/arpibans/.m2/repository/io/helidon/webserver/helidon-webserver-jersey/2.5.1/helidon-webserver-jersey-2.5.1.jar:/Users/arpibans/.m2/repository/io/helidon/jersey/helidon-jersey-server/2.5.1/helidon-jersey-server-2.5.1.jar:/Users/arpibans/.m2/repository/org/glassfish/jersey/core/jersey-server/2.35/jersey-server-2.35.jar:/Users/arpibans/.m2/repository/jakarta/validation/jakarta.validation-api/2.0.2/jakarta.validation-api-2.0.2.jar:/Users/arpibans/.m2/repository/io/netty/netty-buffer/4.1.77.Final/netty-buffer-4.1.77.Final.jar:/Users/arpibans/.m2/repository/io/helidon/common/helidon-common-service-loader/2.5.1/helidon-common-service-loader-2.5.1.jar:/Users/arpibans/.m2/repository/jakarta/interceptor/jakarta.interceptor-api/1.2.5/jakarta.interceptor-api-1.2.5.jar:/Users/arpibans/.m2/repository/jakarta/enterprise/jakarta.enterprise.cdi-api/2.0.2/jakarta.enterprise.cdi-api-2.0.2.jar:/Users/arpibans/.m2/repository/jakarta/el/jakarta.el-api/3.0.3/jakarta.el-api-3.0.3.jar:/Users/arpibans/.m2/repository/io/helidon/config/helidon-config-yaml/2.5.1/helidon-config-yaml-2.5.1.jar:/Users/arpibans/.m2/repository/org/yaml/snakeyaml/1.30/snakeyaml-1.30.jar:/Users/arpibans/.m2/repository/org/glassfish/jersey/ext/cdi/jersey-weld2-se/2.35/jersey-weld2-se-2.35.jar:/Users/arpibans/.m2/repository/org/glassfish/jersey/ext/cdi/jersey-cdi1x/2.35/jersey-cdi1x-2.35.jar:/Users/arpibans/.m2/repository/io/helidon/jersey/helidon-jersey-media-jsonp/2.5.1/helidon-jersey-media-jsonp-2.5.1.jar:/Users/arpibans/.m2/repository/org/glassfish/jersey/media/jersey-media-json-processing/2.35/jersey-media-json-processing-2.35.jar:/Users/arpibans/.m2/repository/org/glassfish/jsonp-jaxrs/1.1.6/jsonp-jaxrs-1.1.6.jar:/Users/arpibans/.m2/repository/io/helidon/microprofile/config/helidon-microprofile-config/2.5.1/helidon-microprofile-config-2.5.1.jar:/Users/arpibans/.m2/repository/io/helidon/config/helidon-config-mp/2.5.1/helidon-config-mp-2.5.1.jar:/Users/arpibans/.m2/repository/io/helidon/config/helidon-config-encryption/2.5.1/helidon-config-encryption-2.5.1.jar:/Users/arpibans/.m2/repository/io/helidon/common/helidon-common-crypto/2.5.1/helidon-common-crypto-2.5.1.jar:/Users/arpibans/.m2/repository/io/helidon/config/helidon-config-object-mapping/2.5.1/helidon-config-object-mapping-2.5.1.jar:/Users/arpibans/.m2/repository/io/helidon/microprofile/metrics/helidon-microprofile-metrics/2.5.1/helidon-microprofile-metrics-2.5.1.jar:/Users/arpibans/.m2/repository/io/helidon/service-common/helidon-service-common-rest-cdi/2.5.1/helidon-service-common-rest-cdi-2.5.1.jar:/Users/arpibans/.m2/repository/io/helidon/service-common/helidon-service-common-rest/2.5.1/helidon-service-common-rest-2.5.1.jar:/Users/arpibans/.m2/repository/io/helidon/metrics/helidon-metrics-api/2.5.1/helidon-metrics-api-2.5.1.jar:/Users/arpibans/.m2/repository/io/helidon/config/helidon-config/2.5.1/helidon-config-2.5.1.jar:/Users/arpibans/.m2/repository/io/helidon/config/helidon-config-metadata/2.5.1/helidon-config-metadata-2.5.1.jar:/Users/arpibans/.m2/repository/io/helidon/metrics/helidon-metrics-service-api/2.5.1/helidon-metrics-service-api-2.5.1.jar:/Users/arpibans/.m2/repository/io/helidon/common/helidon-common/2.5.1/helidon-common-2.5.1.jar:/Users/arpibans/.m2/repository/io/helidon/metrics/helidon-metrics/2.5.1/helidon-metrics-2.5.1.jar:/Users/arpibans/.m2/repository/io/helidon/common/helidon-common-configurable/2.5.1/helidon-common-configurable-2.5.1.jar:/Users/arpibans/.m2/repository/io/helidon/webserver/helidon-webserver-cors/2.5.1/helidon-webserver-cors-2.5.1.jar:/Users/arpibans/.m2/repository/org/eclipse/microprofile/metrics/microprofile-metrics-api/2.3.2/microprofile-metrics-api-2.3.2.jar:/Users/arpibans/.m2/repository/io/helidon/microprofile/health/helidon-microprofile-health/2.5.1/helidon-microprofile-health-2.5.1.jar:/Users/arpibans/.m2/repository/io/helidon/health/helidon-health/2.5.1/helidon-health-2.5.1.jar:/Users/arpibans/.m2/repository/io/helidon/fault-tolerance/helidon-fault-tolerance/2.5.1/helidon-fault-tolerance-2.5.1.jar:/Users/arpibans/.m2/repository/org/eclipse/microprofile/config/microprofile-config-api/1.4/microprofile-config-api-1.4.jar:/Users/arpibans/.m2/repository/org/eclipse/microprofile/health/microprofile-health-api/2.2/microprofile-health-api-2.2.jar:/Users/arpibans/.m2/repository/io/helidon/health/helidon-health-common/2.5.1/helidon-health-common-2.5.1.jar:/Users/arpibans/.m2/repository/io/helidon/media/helidon-media-jsonp/2.5.1/helidon-media-jsonp-2.5.1.jar:/Users/arpibans/.m2/repository/io/helidon/common/helidon-common-http/2.5.1/helidon-common-http-2.5.1.jar:/Users/arpibans/.m2/repository/io/helidon/common/helidon-common-reactive/2.5.1/helidon-common-reactive-2.5.1.jar:/Users/arpibans/.m2/repository/io/helidon/common/helidon-common-context/2.5.1/helidon-common-context-2.5.1.jar:/Users/arpibans/.m2/repository/io/helidon/media/helidon-media-common/2.5.1/helidon-media-common-2.5.1.jar:/Users/arpibans/.m2/repository/io/helidon/common/helidon-common-mapper/2.5.1/helidon-common-mapper-2.5.1.jar:/Users/arpibans/.m2/repository/org/glassfish/jakarta.json/1.1.6/jakarta.json-1.1.6.jar:/Users/arpibans/.m2/repository/org/jboss/jandex/2.3.1.Final/jandex-2.3.1.Final.jar:/Users/arpibans/.m2/repository/org/junit/jupiter/junit-jupiter-api/5.7.0/junit-jupiter-api-5.7.0.jar:/Users/arpibans/.m2/repository/org/apiguardian/apiguardian-api/1.1.0/apiguardian-api-1.1.0.jar:/Users/arpibans/.m2/repository/org/opentest4j/opentest4j/1.2.0/opentest4j-1.2.0.jar:/Users/arpibans/.m2/repository/org/junit/platform/junit-platform-commons/1.7.0/junit-platform-commons-1.7.0.jar:/Users/arpibans/.m2/repository/io/helidon/microprofile/tests/helidon-microprofile-tests-junit5/2.5.1/helidon-microprofile-tests-junit5-2.5.1.jar:/Users/arpibans/.m2/repository/io/helidon/jersey/helidon-jersey-client/2.5.1/helidon-jersey-client-2.5.1.jar:/Users/arpibans/.m2/repository/org/glassfish/jersey/core/jersey-client/2.35/jersey-client-2.35.jar:/Users/arpibans/.m2/repository/org/glassfish/jersey/inject/jersey-hk2/2.35/jersey-hk2-2.35.jar:/Users/arpibans/.m2/repository/org/glassfish/hk2/hk2-locator/2.6.1/hk2-locator-2.6.1.jar:/Users/arpibans/.m2/repository/org/glassfish/hk2/external/aopalliance-repackaged/2.6.1/aopalliance-repackaged-2.6.1.jar:/Users/arpibans/.m2/repository/org/glassfish/hk2/hk2-api/2.6.1/hk2-api-2.6.1.jar:/Users/arpibans/.m2/repository/org/glassfish/hk2/hk2-utils/2.6.1/hk2-utils-2.6.1.jar:/Users/arpibans/.m2/repository/org/javassist/javassist/3.25.0-GA/javassist-3.25.0-GA.jar:/Users/arpibans/.m2/repository/jakarta/xml/bind/jakarta.xml.bind-api/2.3.3/jakarta.xml.bind-api-2.3.3.jar:/Users/arpibans/.m2/repository/jakarta/inject/jakarta.inject-api/1.0/jakarta.inject-api-1.0.jar:/Users/arpibans/.m2/repository/io/helidon/config/helidon-config-yaml-mp/2.5.1/helidon-config-yaml-mp-2.5.1.jar:/Users/arpibans/.m2/repository/jakarta/annotation/jakarta.annotation-api/1.3.5/jakarta.annotation-api-1.3.5.jar:/Users/arpibans/.m2/repository/org/apache/kafka/kafka-streams/3.2.0/kafka-streams-3.2.0.jar:/Users/arpibans/.m2/repository/org/rocksdb/rocksdbjni/6.29.4.1/rocksdbjni-6.29.4.1.jar:/Users/arpibans/.m2/repository/com/fasterxml/jackson/core/jackson-annotations/2.13.2/jackson-annotations-2.13.2.jar:/Users/arpibans/.m2/repository/com/fasterxml/jackson/core/jackson-databind/2.13.2.2/jackson-databind-2.13.2.2.jar:/Users/arpibans/.m2/repository/com/fasterxml/jackson/core/jackson-core/2.13.2/jackson-core-2.13.2.jar:/Users/arpibans/.m2/repository/org/apache/commons/commons-lang3/3.12.0/commons-lang3-3.12.0.jar:/Users/arpibans/.m2/repository/org/apache/kafka/kafka-clients/3.2.0/kafka-clients-3.2.0.jar:/Users/arpibans/.m2/repository/com/github/luben/zstd-jni/1.5.2-1/zstd-jni-1.5.2-1.jar:/Users/arpibans/.m2/repository/org/lz4/lz4-java/1.8.0/lz4-java-1.8.0.jar:/Users/arpibans/.m2/repository/org/xerial/snappy/snappy-java/1.1.8.4/snappy-java-1.1.8.4.jar:/Users/arpibans/.m2/repository/org/slf4j/slf4j-simple/2.0.0-alpha7/slf4j-simple-2.0.0-alpha7.jar:/Users/arpibans/.m2/repository/org/slf4j/slf4j-api/2.0.0-alpha7/slf4j-api-2.0.0-alpha7.jar:/Users/arpibans/.m2/repository/org/glassfish/jersey/media/jersey-media-json-jackson/2.35/jersey-media-json-jackson-2.35.jar:/Users/arpibans/.m2/repository/org/glassfish/jersey/core/jersey-common/2.35/jersey-common-2.35.jar:/Users/arpibans/.m2/repository/jakarta/ws/rs/jakarta.ws.rs-api/2.1.6/jakarta.ws.rs-api-2.1.6.jar:/Users/arpibans/.m2/repository/org/glassfish/hk2/external/jakarta.inject/2.6.1/jakarta.inject-2.6.1.jar:/Users/arpibans/.m2/repository/org/glassfish/hk2/osgi-resource-locator/1.0.3/osgi-resource-locator-1.0.3.jar:/Users/arpibans/.m2/repository/org/glassfish/jersey/ext/jersey-entity-filtering/2.35/jersey-entity-filtering-2.35.jar:/Users/arpibans/.m2/repository/com/fasterxml/jackson/module/jackson-module-jaxb-annotations/2.13.2/jackson-module-jaxb-annotations-2.13.2.jar:/Users/arpibans/.m2/repository/jakarta/activation/jakarta.activation-api/1.2.2/jakarta.activation-api-1.2.2.jar:/Users/arpibans/.m2/repository/com/google/code/gson/gson/2.9.0/gson-2.9.0.jar:"/>
    <property name="sun.cpu.endian" value="little"/>
    <property name="user.home" value="/Users/arpibans"/>
    <property name="user.language" value="en"/>
    <property name="java.specification.vendor" value="Oracle Corporation"/>
    <property name="java.version.date" value="2022-04-22"/>
    <property name="java.home" value="/Library/Java/JavaVirtualMachines/jdk-11.0.15.1.jdk/Contents/Home"/>
    <property name="file.separator" value="/"/>
    <property name="basedir" value="/Users/arpibans/Stats-service"/>
    <property name="java.vm.compressedOopsMode" value="Zero based"/>
    <property name="line.separator" value="&#10;"/>
    <property name="java.specification.name" value="Java Platform API Specification"/>
    <property name="java.vm.specification.vendor" value="Oracle Corporation"/>
    <property name="java.awt.graphicsenv" value="sun.awt.CGraphicsEnvironment"/>
    <property name="surefire.real.class.path" value="/Users/arpibans/Stats-service/target/surefire/surefirebooter18189467928957282691.jar"/>
    <property name="java.util.logging.config.file" value="/Users/arpibans/Stats-service/target/classes/logging.properties"/>
    <property name="sun.management.compiler" value="HotSpot 64-Bit Tiered Compilers"/>
    <property name="java.runtime.version" value="11.0.15.1+2-LTS-10"/>
    <property name="user.name" value="arpibans"/>
    <property name="path.separator" value=":"/>
    <property name="os.version" value="12.3.1"/>
    <property name="java.runtime.name" value="Java(TM) SE Runtime Environment"/>
    <property name="file.encoding" value="US-ASCII"/>
    <property name="java.vm.name" value="Java HotSpot(TM) 64-Bit Server VM"/>
    <property name="java.vendor.version" value="18.9"/>
    <property name="localRepository" value="/Users/arpibans/.m2/repository"/>
    <property name="java.vendor.url.bug" value="https://bugreport.java.com/bugreport/"/>
    <property name="java.io.tmpdir" value="/var/folders/2g/9nf_hkzd1lqb57gccld567_w0000gn/T/"/>
    <property name="java.version" value="11.0.15.1"/>
    <property name="user.dir" value="/Users/arpibans/Stats-service"/>
    <property name="os.arch" value="x86_64"/>
    <property name="java.vm.specification.name" value="Java Virtual Machine Specification"/>
    <property name="java.awt.printerjob" value="sun.lwawt.macosx.CPrinterJob"/>
    <property name="sun.os.patch.level" value="unknown"/>
    <property name="java.library.path" value="/Users/arpibans/Library/Java/Extensions:/Library/Java/Extensions:/Network/Library/Java/Extensions:/System/Library/Java/Extensions:/usr/lib/java:."/>
    <property name="java.vendor" value="Oracle Corporation"/>
    <property name="java.vm.info" value="mixed mode"/>
    <property name="java.vm.version" value="11.0.15.1+2-LTS-10"/>
    <property name="sun.io.unicode.encoding" value="UnicodeBig"/>
    <property name="java.class.version" value="55.0"/>
  </properties>
  <testcase name="" classname="com.github.arpitkb.service.MainTest" time="2.62">
    <error type="org.jboss.weld.exceptions.DeploymentException"><![CDATA[org.jboss.weld.exceptions.DeploymentException: 
Exception List with 7 exceptions:
Exception 0 :
java.util.NoSuchElementException: Cannot find value for key: kafka.broker
	at io.helidon.microprofile.config.ConfigCdiExtension.produce(ConfigCdiExtension.java:262)
	at io.helidon.microprofile.config.ConfigCdiExtension.lambda$registerConfigProducer$3(ConfigCdiExtension.java:195)
	at org.jboss.weld.bootstrap.events.configurator.BeanConfiguratorImpl$CreateCallback.create(BeanConfiguratorImpl.java:368)
	at org.jboss.weld.bootstrap.events.configurator.BeanConfiguratorImpl$CreateCallback.access$700(BeanConfiguratorImpl.java:338)
	at org.jboss.weld.bootstrap.events.configurator.BeanConfiguratorImpl$ImmutableBean.create(BeanConfiguratorImpl.java:503)
	at org.jboss.weld.contexts.unbound.DependentContextImpl.get(DependentContextImpl.java:64)
	at org.jboss.weld.bean.ContextualInstanceStrategy$DefaultContextualInstanceStrategy.get(ContextualInstanceStrategy.java:100)
	at org.jboss.weld.bean.ContextualInstance.get(ContextualInstance.java:50)
	at org.jboss.weld.manager.BeanManagerImpl.getReference(BeanManagerImpl.java:694)
	at org.jboss.weld.manager.BeanManagerImpl.getInjectableReference(BeanManagerImpl.java:794)
	at org.jboss.weld.manager.BeanManagerImpl.getInjectableReference(BeanManagerImpl.java:807)
	at org.jboss.weld.util.ForwardingBeanManager.getInjectableReference(ForwardingBeanManager.java:69)
	at org.jboss.weld.bean.builtin.BeanManagerProxy.getInjectableReference(BeanManagerProxy.java:93)
	at io.helidon.microprofile.config.ConfigCdiExtension.lambda$validate$5(ConfigCdiExtension.java:209)
	at java.base/java.lang.Iterable.forEach(Iterable.java:75)
	at io.helidon.microprofile.config.ConfigCdiExtension.validate(ConfigCdiExtension.java:207)
	at java.base/jdk.internal.reflect.NativeMethodAccessorImpl.invoke0(Native Method)
	at java.base/jdk.internal.reflect.NativeMethodAccessorImpl.invoke(NativeMethodAccessorImpl.java:62)
	at java.base/jdk.internal.reflect.DelegatingMethodAccessorImpl.invoke(DelegatingMethodAccessorImpl.java:43)
	at java.base/java.lang.reflect.Method.invoke(Method.java:566)
	at org.jboss.weld.injection.StaticMethodInjectionPoint.invoke(StaticMethodInjectionPoint.java:95)
	at org.jboss.weld.injection.MethodInvocationStrategy$SpecialParamPlusBeanManagerStrategy.invoke(MethodInvocationStrategy.java:187)
	at org.jboss.weld.event.ObserverMethodImpl.sendEvent(ObserverMethodImpl.java:330)
	at org.jboss.weld.event.ExtensionObserverMethodImpl.sendEvent(ExtensionObserverMethodImpl.java:123)
	at org.jboss.weld.event.ObserverMethodImpl.sendEvent(ObserverMethodImpl.java:308)
	at org.jboss.weld.event.ObserverMethodImpl.notify(ObserverMethodImpl.java:286)
	at javax.enterprise.inject.spi.ObserverMethod.notify(ObserverMethod.java:124)
	at org.jboss.weld.util.Observers.notify(Observers.java:166)
	at org.jboss.weld.event.ObserverNotifier.notifySyncObservers(ObserverNotifier.java:285)
	at org.jboss.weld.event.ObserverNotifier.notify(ObserverNotifier.java:273)
	at org.jboss.weld.event.ObserverNotifier.fireEvent(ObserverNotifier.java:177)
	at org.jboss.weld.event.ObserverNotifier.fireEvent(ObserverNotifier.java:171)
	at org.jboss.weld.bootstrap.events.AbstractContainerEvent.fire(AbstractContainerEvent.java:53)
	at org.jboss.weld.bootstrap.events.AbstractDeploymentContainerEvent.fire(AbstractDeploymentContainerEvent.java:35)
	at org.jboss.weld.bootstrap.events.AfterDeploymentValidationImpl.fire(AfterDeploymentValidationImpl.java:28)
	at org.jboss.weld.bootstrap.WeldStartup.validateBeans(WeldStartup.java:505)
	at org.jboss.weld.bootstrap.WeldBootstrap.validateBeans(WeldBootstrap.java:93)
	at io.helidon.microprofile.cdi.HelidonContainerImpl.doStart(HelidonContainerImpl.java:299)
	at io.helidon.common.context.Contexts.runInContext(Contexts.java:137)
	at io.helidon.microprofile.cdi.HelidonContainerImpl.start(HelidonContainerImpl.java:251)
	at io.helidon.microprofile.cdi.HelidonContainerInitializer.initialize(HelidonContainerInitializer.java:152)
	at io.helidon.microprofile.tests.junit5.HelidonJunitExtension.startContainer(HelidonJunitExtension.java:338)
	at io.helidon.microprofile.tests.junit5.HelidonJunitExtension.beforeAll(HelidonJunitExtension.java:142)
	at org.junit.jupiter.engine.descriptor.ClassBasedTestDescriptor.lambda$invokeBeforeAllCallbacks$8(ClassBasedTestDescriptor.java:368)
	at org.junit.platform.engine.support.hierarchical.ThrowableCollector.execute(ThrowableCollector.java:73)
	at org.junit.jupiter.engine.descriptor.ClassBasedTestDescriptor.invokeBeforeAllCallbacks(ClassBasedTestDescriptor.java:368)
	at org.junit.jupiter.engine.descriptor.ClassBasedTestDescriptor.before(ClassBasedTestDescriptor.java:192)
	at org.junit.jupiter.engine.descriptor.ClassBasedTestDescriptor.before(ClassBasedTestDescriptor.java:78)
	at org.junit.platform.engine.support.hierarchical.NodeTestTask.lambda$executeRecursively$5(NodeTestTask.java:136)
	at org.junit.platform.engine.support.hierarchical.ThrowableCollector.execute(ThrowableCollector.java:73)
	at org.junit.platform.engine.support.hierarchical.NodeTestTask.lambda$executeRecursively$7(NodeTestTask.java:129)
	at org.junit.platform.engine.support.hierarchical.Node.around(Node.java:137)
	at org.junit.platform.engine.support.hierarchical.NodeTestTask.lambda$executeRecursively$8(NodeTestTask.java:127)
	at org.junit.platform.engine.support.hierarchical.ThrowableCollector.execute(ThrowableCollector.java:73)
	at org.junit.platform.engine.support.hierarchical.NodeTestTask.executeRecursively(NodeTestTask.java:126)
	at org.junit.platform.engine.support.hierarchical.NodeTestTask.execute(NodeTestTask.java:84)
	at java.base/java.util.ArrayList.forEach(ArrayList.java:1541)
	at org.junit.platform.engine.support.hierarchical.SameThreadHierarchicalTestExecutorService.invokeAll(SameThreadHierarchicalTestExecutorService.java:38)
	at org.junit.platform.engine.support.hierarchical.NodeTestTask.lambda$executeRecursively$5(NodeTestTask.java:143)
	at org.junit.platform.engine.support.hierarchical.ThrowableCollector.execute(ThrowableCollector.java:73)
	at org.junit.platform.engine.support.hierarchical.NodeTestTask.lambda$executeRecursively$7(NodeTestTask.java:129)
	at org.junit.platform.engine.support.hierarchical.Node.around(Node.java:137)
	at org.junit.platform.engine.support.hierarchical.NodeTestTask.lambda$executeRecursively$8(NodeTestTask.java:127)
	at org.junit.platform.engine.support.hierarchical.ThrowableCollector.execute(ThrowableCollector.java:73)
	at org.junit.platform.engine.support.hierarchical.NodeTestTask.executeRecursively(NodeTestTask.java:126)
	at org.junit.platform.engine.support.hierarchical.NodeTestTask.execute(NodeTestTask.java:84)
	at org.junit.platform.engine.support.hierarchical.SameThreadHierarchicalTestExecutorService.submit(SameThreadHierarchicalTestExecutorService.java:32)
	at org.junit.platform.engine.support.hierarchical.HierarchicalTestExecutor.execute(HierarchicalTestExecutor.java:57)
	at org.junit.platform.engine.support.hierarchical.HierarchicalTestEngine.execute(HierarchicalTestEngine.java:51)
	at org.junit.platform.launcher.core.EngineExecutionOrchestrator.execute(EngineExecutionOrchestrator.java:108)
	at org.junit.platform.launcher.core.EngineExecutionOrchestrator.execute(EngineExecutionOrchestrator.java:88)
	at org.junit.platform.launcher.core.EngineExecutionOrchestrator.lambda$execute$0(EngineExecutionOrchestrator.java:54)
	at org.junit.platform.launcher.core.EngineExecutionOrchestrator.withInterceptedStreams(EngineExecutionOrchestrator.java:67)
	at org.junit.platform.launcher.core.EngineExecutionOrchestrator.execute(EngineExecutionOrchestrator.java:52)
	at org.junit.platform.launcher.core.DefaultLauncher.execute(DefaultLauncher.java:96)
	at org.junit.platform.launcher.core.DefaultLauncher.execute(DefaultLauncher.java:75)
	at org.apache.maven.surefire.junitplatform.JUnitPlatformProvider.execute(JUnitPlatformProvider.java:188)
	at org.apache.maven.surefire.junitplatform.JUnitPlatformProvider.invokeAllTests(JUnitPlatformProvider.java:154)
	at org.apache.maven.surefire.junitplatform.JUnitPlatformProvider.invoke(JUnitPlatformProvider.java:128)
	at org.apache.maven.surefire.booter.ForkedBooter.runSuitesInProcess(ForkedBooter.java:428)
	at org.apache.maven.surefire.booter.ForkedBooter.execute(ForkedBooter.java:162)
	at org.apache.maven.surefire.booter.ForkedBooter.run(ForkedBooter.java:562)
	at org.apache.maven.surefire.booter.ForkedBooter.main(ForkedBooter.java:548)
Exception 1 :
java.util.NoSuchElementException: Cannot find value for key: kafka.consumer.group
	at io.helidon.microprofile.config.ConfigCdiExtension.produce(ConfigCdiExtension.java:262)
	at io.helidon.microprofile.config.ConfigCdiExtension.lambda$registerConfigProducer$3(ConfigCdiExtension.java:195)
	at org.jboss.weld.bootstrap.events.configurator.BeanConfiguratorImpl$CreateCallback.create(BeanConfiguratorImpl.java:368)
	at org.jboss.weld.bootstrap.events.configurator.BeanConfiguratorImpl$CreateCallback.access$700(BeanConfiguratorImpl.java:338)
	at org.jboss.weld.bootstrap.events.configurator.BeanConfiguratorImpl$ImmutableBean.create(BeanConfiguratorImpl.java:503)
	at org.jboss.weld.contexts.unbound.DependentContextImpl.get(DependentContextImpl.java:64)
	at org.jboss.weld.bean.ContextualInstanceStrategy$DefaultContextualInstanceStrategy.get(ContextualInstanceStrategy.java:100)
	at org.jboss.weld.bean.ContextualInstance.get(ContextualInstance.java:50)
	at org.jboss.weld.manager.BeanManagerImpl.getReference(BeanManagerImpl.java:694)
	at org.jboss.weld.manager.BeanManagerImpl.getInjectableReference(BeanManagerImpl.java:794)
	at org.jboss.weld.manager.BeanManagerImpl.getInjectableReference(BeanManagerImpl.java:807)
	at org.jboss.weld.util.ForwardingBeanManager.getInjectableReference(ForwardingBeanManager.java:69)
	at org.jboss.weld.bean.builtin.BeanManagerProxy.getInjectableReference(BeanManagerProxy.java:93)
	at io.helidon.microprofile.config.ConfigCdiExtension.lambda$validate$5(ConfigCdiExtension.java:209)
	at java.base/java.lang.Iterable.forEach(Iterable.java:75)
	at io.helidon.microprofile.config.ConfigCdiExtension.validate(ConfigCdiExtension.java:207)
	at java.base/jdk.internal.reflect.NativeMethodAccessorImpl.invoke0(Native Method)
	at java.base/jdk.internal.reflect.NativeMethodAccessorImpl.invoke(NativeMethodAccessorImpl.java:62)
	at java.base/jdk.internal.reflect.DelegatingMethodAccessorImpl.invoke(DelegatingMethodAccessorImpl.java:43)
	at java.base/java.lang.reflect.Method.invoke(Method.java:566)
	at org.jboss.weld.injection.StaticMethodInjectionPoint.invoke(StaticMethodInjectionPoint.java:95)
	at org.jboss.weld.injection.MethodInvocationStrategy$SpecialParamPlusBeanManagerStrategy.invoke(MethodInvocationStrategy.java:187)
	at org.jboss.weld.event.ObserverMethodImpl.sendEvent(ObserverMethodImpl.java:330)
	at org.jboss.weld.event.ExtensionObserverMethodImpl.sendEvent(ExtensionObserverMethodImpl.java:123)
	at org.jboss.weld.event.ObserverMethodImpl.sendEvent(ObserverMethodImpl.java:308)
	at org.jboss.weld.event.ObserverMethodImpl.notify(ObserverMethodImpl.java:286)
	at javax.enterprise.inject.spi.ObserverMethod.notify(ObserverMethod.java:124)
	at org.jboss.weld.util.Observers.notify(Observers.java:166)
	at org.jboss.weld.event.ObserverNotifier.notifySyncObservers(ObserverNotifier.java:285)
	at org.jboss.weld.event.ObserverNotifier.notify(ObserverNotifier.java:273)
	at org.jboss.weld.event.ObserverNotifier.fireEvent(ObserverNotifier.java:177)
	at org.jboss.weld.event.ObserverNotifier.fireEvent(ObserverNotifier.java:171)
	at org.jboss.weld.bootstrap.events.AbstractContainerEvent.fire(AbstractContainerEvent.java:53)
	at org.jboss.weld.bootstrap.events.AbstractDeploymentContainerEvent.fire(AbstractDeploymentContainerEvent.java:35)
	at org.jboss.weld.bootstrap.events.AfterDeploymentValidationImpl.fire(AfterDeploymentValidationImpl.java:28)
	at org.jboss.weld.bootstrap.WeldStartup.validateBeans(WeldStartup.java:505)
	at org.jboss.weld.bootstrap.WeldBootstrap.validateBeans(WeldBootstrap.java:93)
	at io.helidon.microprofile.cdi.HelidonContainerImpl.doStart(HelidonContainerImpl.java:299)
	at io.helidon.common.context.Contexts.runInContext(Contexts.java:137)
	at io.helidon.microprofile.cdi.HelidonContainerImpl.start(HelidonContainerImpl.java:251)
	at io.helidon.microprofile.cdi.HelidonContainerInitializer.initialize(HelidonContainerInitializer.java:152)
	at io.helidon.microprofile.tests.junit5.HelidonJunitExtension.startContainer(HelidonJunitExtension.java:338)
	at io.helidon.microprofile.tests.junit5.HelidonJunitExtension.beforeAll(HelidonJunitExtension.java:142)
	at org.junit.jupiter.engine.descriptor.ClassBasedTestDescriptor.lambda$invokeBeforeAllCallbacks$8(ClassBasedTestDescriptor.java:368)
	at org.junit.platform.engine.support.hierarchical.ThrowableCollector.execute(ThrowableCollector.java:73)
	at org.junit.jupiter.engine.descriptor.ClassBasedTestDescriptor.invokeBeforeAllCallbacks(ClassBasedTestDescriptor.java:368)
	at org.junit.jupiter.engine.descriptor.ClassBasedTestDescriptor.before(ClassBasedTestDescriptor.java:192)
	at org.junit.jupiter.engine.descriptor.ClassBasedTestDescriptor.before(ClassBasedTestDescriptor.java:78)
	at org.junit.platform.engine.support.hierarchical.NodeTestTask.lambda$executeRecursively$5(NodeTestTask.java:136)
	at org.junit.platform.engine.support.hierarchical.ThrowableCollector.execute(ThrowableCollector.java:73)
	at org.junit.platform.engine.support.hierarchical.NodeTestTask.lambda$executeRecursively$7(NodeTestTask.java:129)
	at org.junit.platform.engine.support.hierarchical.Node.around(Node.java:137)
	at org.junit.platform.engine.support.hierarchical.NodeTestTask.lambda$executeRecursively$8(NodeTestTask.java:127)
	at org.junit.platform.engine.support.hierarchical.ThrowableCollector.execute(ThrowableCollector.java:73)
	at org.junit.platform.engine.support.hierarchical.NodeTestTask.executeRecursively(NodeTestTask.java:126)
	at org.junit.platform.engine.support.hierarchical.NodeTestTask.execute(NodeTestTask.java:84)
	at java.base/java.util.ArrayList.forEach(ArrayList.java:1541)
	at org.junit.platform.engine.support.hierarchical.SameThreadHierarchicalTestExecutorService.invokeAll(SameThreadHierarchicalTestExecutorService.java:38)
	at org.junit.platform.engine.support.hierarchical.NodeTestTask.lambda$executeRecursively$5(NodeTestTask.java:143)
	at org.junit.platform.engine.support.hierarchical.ThrowableCollector.execute(ThrowableCollector.java:73)
	at org.junit.platform.engine.support.hierarchical.NodeTestTask.lambda$executeRecursively$7(NodeTestTask.java:129)
	at org.junit.platform.engine.support.hierarchical.Node.around(Node.java:137)
	at org.junit.platform.engine.support.hierarchical.NodeTestTask.lambda$executeRecursively$8(NodeTestTask.java:127)
	at org.junit.platform.engine.support.hierarchical.ThrowableCollector.execute(ThrowableCollector.java:73)
	at org.junit.platform.engine.support.hierarchical.NodeTestTask.executeRecursively(NodeTestTask.java:126)
	at org.junit.platform.engine.support.hierarchical.NodeTestTask.execute(NodeTestTask.java:84)
	at org.junit.platform.engine.support.hierarchical.SameThreadHierarchicalTestExecutorService.submit(SameThreadHierarchicalTestExecutorService.java:32)
	at org.junit.platform.engine.support.hierarchical.HierarchicalTestExecutor.execute(HierarchicalTestExecutor.java:57)
	at org.junit.platform.engine.support.hierarchical.HierarchicalTestEngine.execute(HierarchicalTestEngine.java:51)
	at org.junit.platform.launcher.core.EngineExecutionOrchestrator.execute(EngineExecutionOrchestrator.java:108)
	at org.junit.platform.launcher.core.EngineExecutionOrchestrator.execute(EngineExecutionOrchestrator.java:88)
	at org.junit.platform.launcher.core.EngineExecutionOrchestrator.lambda$execute$0(EngineExecutionOrchestrator.java:54)
	at org.junit.platform.launcher.core.EngineExecutionOrchestrator.withInterceptedStreams(EngineExecutionOrchestrator.java:67)
	at org.junit.platform.launcher.core.EngineExecutionOrchestrator.execute(EngineExecutionOrchestrator.java:52)
	at org.junit.platform.launcher.core.DefaultLauncher.execute(DefaultLauncher.java:96)
	at org.junit.platform.launcher.core.DefaultLauncher.execute(DefaultLauncher.java:75)
	at org.apache.maven.surefire.junitplatform.JUnitPlatformProvider.execute(JUnitPlatformProvider.java:188)
	at org.apache.maven.surefire.junitplatform.JUnitPlatformProvider.invokeAllTests(JUnitPlatformProvider.java:154)
	at org.apache.maven.surefire.junitplatform.JUnitPlatformProvider.invoke(JUnitPlatformProvider.java:128)
	at org.apache.maven.surefire.booter.ForkedBooter.runSuitesInProcess(ForkedBooter.java:428)
	at org.apache.maven.surefire.booter.ForkedBooter.execute(ForkedBooter.java:162)
	at org.apache.maven.surefire.booter.ForkedBooter.run(ForkedBooter.java:562)
	at org.apache.maven.surefire.booter.ForkedBooter.main(ForkedBooter.java:548)
Exception 2 :
java.util.NoSuchElementException: Cannot find value for key: kafka.output-topic
	at io.helidon.microprofile.config.ConfigCdiExtension.produce(ConfigCdiExtension.java:262)
	at io.helidon.microprofile.config.ConfigCdiExtension.lambda$registerConfigProducer$3(ConfigCdiExtension.java:195)
	at org.jboss.weld.bootstrap.events.configurator.BeanConfiguratorImpl$CreateCallback.create(BeanConfiguratorImpl.java:368)
	at org.jboss.weld.bootstrap.events.configurator.BeanConfiguratorImpl$CreateCallback.access$700(BeanConfiguratorImpl.java:338)
	at org.jboss.weld.bootstrap.events.configurator.BeanConfiguratorImpl$ImmutableBean.create(BeanConfiguratorImpl.java:503)
	at org.jboss.weld.contexts.unbound.DependentContextImpl.get(DependentContextImpl.java:64)
	at org.jboss.weld.bean.ContextualInstanceStrategy$DefaultContextualInstanceStrategy.get(ContextualInstanceStrategy.java:100)
	at org.jboss.weld.bean.ContextualInstance.get(ContextualInstance.java:50)
	at org.jboss.weld.manager.BeanManagerImpl.getReference(BeanManagerImpl.java:694)
	at org.jboss.weld.manager.BeanManagerImpl.getInjectableReference(BeanManagerImpl.java:794)
	at org.jboss.weld.manager.BeanManagerImpl.getInjectableReference(BeanManagerImpl.java:807)
	at org.jboss.weld.util.ForwardingBeanManager.getInjectableReference(ForwardingBeanManager.java:69)
	at org.jboss.weld.bean.builtin.BeanManagerProxy.getInjectableReference(BeanManagerProxy.java:93)
	at io.helidon.microprofile.config.ConfigCdiExtension.lambda$validate$5(ConfigCdiExtension.java:209)
	at java.base/java.lang.Iterable.forEach(Iterable.java:75)
	at io.helidon.microprofile.config.ConfigCdiExtension.validate(ConfigCdiExtension.java:207)
	at java.base/jdk.internal.reflect.NativeMethodAccessorImpl.invoke0(Native Method)
	at java.base/jdk.internal.reflect.NativeMethodAccessorImpl.invoke(NativeMethodAccessorImpl.java:62)
	at java.base/jdk.internal.reflect.DelegatingMethodAccessorImpl.invoke(DelegatingMethodAccessorImpl.java:43)
	at java.base/java.lang.reflect.Method.invoke(Method.java:566)
	at org.jboss.weld.injection.StaticMethodInjectionPoint.invoke(StaticMethodInjectionPoint.java:95)
	at org.jboss.weld.injection.MethodInvocationStrategy$SpecialParamPlusBeanManagerStrategy.invoke(MethodInvocationStrategy.java:187)
	at org.jboss.weld.event.ObserverMethodImpl.sendEvent(ObserverMethodImpl.java:330)
	at org.jboss.weld.event.ExtensionObserverMethodImpl.sendEvent(ExtensionObserverMethodImpl.java:123)
	at org.jboss.weld.event.ObserverMethodImpl.sendEvent(ObserverMethodImpl.java:308)
	at org.jboss.weld.event.ObserverMethodImpl.notify(ObserverMethodImpl.java:286)
	at javax.enterprise.inject.spi.ObserverMethod.notify(ObserverMethod.java:124)
	at org.jboss.weld.util.Observers.notify(Observers.java:166)
	at org.jboss.weld.event.ObserverNotifier.notifySyncObservers(ObserverNotifier.java:285)
	at org.jboss.weld.event.ObserverNotifier.notify(ObserverNotifier.java:273)
	at org.jboss.weld.event.ObserverNotifier.fireEvent(ObserverNotifier.java:177)
	at org.jboss.weld.event.ObserverNotifier.fireEvent(ObserverNotifier.java:171)
	at org.jboss.weld.bootstrap.events.AbstractContainerEvent.fire(AbstractContainerEvent.java:53)
	at org.jboss.weld.bootstrap.events.AbstractDeploymentContainerEvent.fire(AbstractDeploymentContainerEvent.java:35)
	at org.jboss.weld.bootstrap.events.AfterDeploymentValidationImpl.fire(AfterDeploymentValidationImpl.java:28)
	at org.jboss.weld.bootstrap.WeldStartup.validateBeans(WeldStartup.java:505)
	at org.jboss.weld.bootstrap.WeldBootstrap.validateBeans(WeldBootstrap.java:93)
	at io.helidon.microprofile.cdi.HelidonContainerImpl.doStart(HelidonContainerImpl.java:299)
	at io.helidon.common.context.Contexts.runInContext(Contexts.java:137)
	at io.helidon.microprofile.cdi.HelidonContainerImpl.start(HelidonContainerImpl.java:251)
	at io.helidon.microprofile.cdi.HelidonContainerInitializer.initialize(HelidonContainerInitializer.java:152)
	at io.helidon.microprofile.tests.junit5.HelidonJunitExtension.startContainer(HelidonJunitExtension.java:338)
	at io.helidon.microprofile.tests.junit5.HelidonJunitExtension.beforeAll(HelidonJunitExtension.java:142)
	at org.junit.jupiter.engine.descriptor.ClassBasedTestDescriptor.lambda$invokeBeforeAllCallbacks$8(ClassBasedTestDescriptor.java:368)
	at org.junit.platform.engine.support.hierarchical.ThrowableCollector.execute(ThrowableCollector.java:73)
	at org.junit.jupiter.engine.descriptor.ClassBasedTestDescriptor.invokeBeforeAllCallbacks(ClassBasedTestDescriptor.java:368)
	at org.junit.jupiter.engine.descriptor.ClassBasedTestDescriptor.before(ClassBasedTestDescriptor.java:192)
	at org.junit.jupiter.engine.descriptor.ClassBasedTestDescriptor.before(ClassBasedTestDescriptor.java:78)
	at org.junit.platform.engine.support.hierarchical.NodeTestTask.lambda$executeRecursively$5(NodeTestTask.java:136)
	at org.junit.platform.engine.support.hierarchical.ThrowableCollector.execute(ThrowableCollector.java:73)
	at org.junit.platform.engine.support.hierarchical.NodeTestTask.lambda$executeRecursively$7(NodeTestTask.java:129)
	at org.junit.platform.engine.support.hierarchical.Node.around(Node.java:137)
	at org.junit.platform.engine.support.hierarchical.NodeTestTask.lambda$executeRecursively$8(NodeTestTask.java:127)
	at org.junit.platform.engine.support.hierarchical.ThrowableCollector.execute(ThrowableCollector.java:73)
	at org.junit.platform.engine.support.hierarchical.NodeTestTask.executeRecursively(NodeTestTask.java:126)
	at org.junit.platform.engine.support.hierarchical.NodeTestTask.execute(NodeTestTask.java:84)
	at java.base/java.util.ArrayList.forEach(ArrayList.java:1541)
	at org.junit.platform.engine.support.hierarchical.SameThreadHierarchicalTestExecutorService.invokeAll(SameThreadHierarchicalTestExecutorService.java:38)
	at org.junit.platform.engine.support.hierarchical.NodeTestTask.lambda$executeRecursively$5(NodeTestTask.java:143)
	at org.junit.platform.engine.support.hierarchical.ThrowableCollector.execute(ThrowableCollector.java:73)
	at org.junit.platform.engine.support.hierarchical.NodeTestTask.lambda$executeRecursively$7(NodeTestTask.java:129)
	at org.junit.platform.engine.support.hierarchical.Node.around(Node.java:137)
	at org.junit.platform.engine.support.hierarchical.NodeTestTask.lambda$executeRecursively$8(NodeTestTask.java:127)
	at org.junit.platform.engine.support.hierarchical.ThrowableCollector.execute(ThrowableCollector.java:73)
	at org.junit.platform.engine.support.hierarchical.NodeTestTask.executeRecursively(NodeTestTask.java:126)
	at org.junit.platform.engine.support.hierarchical.NodeTestTask.execute(NodeTestTask.java:84)
	at org.junit.platform.engine.support.hierarchical.SameThreadHierarchicalTestExecutorService.submit(SameThreadHierarchicalTestExecutorService.java:32)
	at org.junit.platform.engine.support.hierarchical.HierarchicalTestExecutor.execute(HierarchicalTestExecutor.java:57)
	at org.junit.platform.engine.support.hierarchical.HierarchicalTestEngine.execute(HierarchicalTestEngine.java:51)
	at org.junit.platform.launcher.core.EngineExecutionOrchestrator.execute(EngineExecutionOrchestrator.java:108)
	at org.junit.platform.launcher.core.EngineExecutionOrchestrator.execute(EngineExecutionOrchestrator.java:88)
	at org.junit.platform.launcher.core.EngineExecutionOrchestrator.lambda$execute$0(EngineExecutionOrchestrator.java:54)
	at org.junit.platform.launcher.core.EngineExecutionOrchestrator.withInterceptedStreams(EngineExecutionOrchestrator.java:67)
	at org.junit.platform.launcher.core.EngineExecutionOrchestrator.execute(EngineExecutionOrchestrator.java:52)
	at org.junit.platform.launcher.core.DefaultLauncher.execute(DefaultLauncher.java:96)
	at org.junit.platform.launcher.core.DefaultLauncher.execute(DefaultLauncher.java:75)
	at org.apache.maven.surefire.junitplatform.JUnitPlatformProvider.execute(JUnitPlatformProvider.java:188)
	at org.apache.maven.surefire.junitplatform.JUnitPlatformProvider.invokeAllTests(JUnitPlatformProvider.java:154)
	at org.apache.maven.surefire.junitplatform.JUnitPlatformProvider.invoke(JUnitPlatformProvider.java:128)
	at org.apache.maven.surefire.booter.ForkedBooter.runSuitesInProcess(ForkedBooter.java:428)
	at org.apache.maven.surefire.booter.ForkedBooter.execute(ForkedBooter.java:162)
	at org.apache.maven.surefire.booter.ForkedBooter.run(ForkedBooter.java:562)
	at org.apache.maven.surefire.booter.ForkedBooter.main(ForkedBooter.java:548)
Exception 3 :
java.util.NoSuchElementException: Cannot find value for key: kafka.input-topic
	at io.helidon.microprofile.config.ConfigCdiExtension.produce(ConfigCdiExtension.java:262)
	at io.helidon.microprofile.config.ConfigCdiExtension.lambda$registerConfigProducer$3(ConfigCdiExtension.java:195)
	at org.jboss.weld.bootstrap.events.configurator.BeanConfiguratorImpl$CreateCallback.create(BeanConfiguratorImpl.java:368)
	at org.jboss.weld.bootstrap.events.configurator.BeanConfiguratorImpl$CreateCallback.access$700(BeanConfiguratorImpl.java:338)
	at org.jboss.weld.bootstrap.events.configurator.BeanConfiguratorImpl$ImmutableBean.create(BeanConfiguratorImpl.java:503)
	at org.jboss.weld.contexts.unbound.DependentContextImpl.get(DependentContextImpl.java:64)
	at org.jboss.weld.bean.ContextualInstanceStrategy$DefaultContextualInstanceStrategy.get(ContextualInstanceStrategy.java:100)
	at org.jboss.weld.bean.ContextualInstance.get(ContextualInstance.java:50)
	at org.jboss.weld.manager.BeanManagerImpl.getReference(BeanManagerImpl.java:694)
	at org.jboss.weld.manager.BeanManagerImpl.getInjectableReference(BeanManagerImpl.java:794)
	at org.jboss.weld.manager.BeanManagerImpl.getInjectableReference(BeanManagerImpl.java:807)
	at org.jboss.weld.util.ForwardingBeanManager.getInjectableReference(ForwardingBeanManager.java:69)
	at org.jboss.weld.bean.builtin.BeanManagerProxy.getInjectableReference(BeanManagerProxy.java:93)
	at io.helidon.microprofile.config.ConfigCdiExtension.lambda$validate$5(ConfigCdiExtension.java:209)
	at java.base/java.lang.Iterable.forEach(Iterable.java:75)
	at io.helidon.microprofile.config.ConfigCdiExtension.validate(ConfigCdiExtension.java:207)
	at java.base/jdk.internal.reflect.NativeMethodAccessorImpl.invoke0(Native Method)
	at java.base/jdk.internal.reflect.NativeMethodAccessorImpl.invoke(NativeMethodAccessorImpl.java:62)
	at java.base/jdk.internal.reflect.DelegatingMethodAccessorImpl.invoke(DelegatingMethodAccessorImpl.java:43)
	at java.base/java.lang.reflect.Method.invoke(Method.java:566)
	at org.jboss.weld.injection.StaticMethodInjectionPoint.invoke(StaticMethodInjectionPoint.java:95)
	at org.jboss.weld.injection.MethodInvocationStrategy$SpecialParamPlusBeanManagerStrategy.invoke(MethodInvocationStrategy.java:187)
	at org.jboss.weld.event.ObserverMethodImpl.sendEvent(ObserverMethodImpl.java:330)
	at org.jboss.weld.event.ExtensionObserverMethodImpl.sendEvent(ExtensionObserverMethodImpl.java:123)
	at org.jboss.weld.event.ObserverMethodImpl.sendEvent(ObserverMethodImpl.java:308)
	at org.jboss.weld.event.ObserverMethodImpl.notify(ObserverMethodImpl.java:286)
	at javax.enterprise.inject.spi.ObserverMethod.notify(ObserverMethod.java:124)
	at org.jboss.weld.util.Observers.notify(Observers.java:166)
	at org.jboss.weld.event.ObserverNotifier.notifySyncObservers(ObserverNotifier.java:285)
	at org.jboss.weld.event.ObserverNotifier.notify(ObserverNotifier.java:273)
	at org.jboss.weld.event.ObserverNotifier.fireEvent(ObserverNotifier.java:177)
	at org.jboss.weld.event.ObserverNotifier.fireEvent(ObserverNotifier.java:171)
	at org.jboss.weld.bootstrap.events.AbstractContainerEvent.fire(AbstractContainerEvent.java:53)
	at org.jboss.weld.bootstrap.events.AbstractDeploymentContainerEvent.fire(AbstractDeploymentContainerEvent.java:35)
	at org.jboss.weld.bootstrap.events.AfterDeploymentValidationImpl.fire(AfterDeploymentValidationImpl.java:28)
	at org.jboss.weld.bootstrap.WeldStartup.validateBeans(WeldStartup.java:505)
	at org.jboss.weld.bootstrap.WeldBootstrap.validateBeans(WeldBootstrap.java:93)
	at io.helidon.microprofile.cdi.HelidonContainerImpl.doStart(HelidonContainerImpl.java:299)
	at io.helidon.common.context.Contexts.runInContext(Contexts.java:137)
	at io.helidon.microprofile.cdi.HelidonContainerImpl.start(HelidonContainerImpl.java:251)
	at io.helidon.microprofile.cdi.HelidonContainerInitializer.initialize(HelidonContainerInitializer.java:152)
	at io.helidon.microprofile.tests.junit5.HelidonJunitExtension.startContainer(HelidonJunitExtension.java:338)
	at io.helidon.microprofile.tests.junit5.HelidonJunitExtension.beforeAll(HelidonJunitExtension.java:142)
	at org.junit.jupiter.engine.descriptor.ClassBasedTestDescriptor.lambda$invokeBeforeAllCallbacks$8(ClassBasedTestDescriptor.java:368)
	at org.junit.platform.engine.support.hierarchical.ThrowableCollector.execute(ThrowableCollector.java:73)
	at org.junit.jupiter.engine.descriptor.ClassBasedTestDescriptor.invokeBeforeAllCallbacks(ClassBasedTestDescriptor.java:368)
	at org.junit.jupiter.engine.descriptor.ClassBasedTestDescriptor.before(ClassBasedTestDescriptor.java:192)
	at org.junit.jupiter.engine.descriptor.ClassBasedTestDescriptor.before(ClassBasedTestDescriptor.java:78)
	at org.junit.platform.engine.support.hierarchical.NodeTestTask.lambda$executeRecursively$5(NodeTestTask.java:136)
	at org.junit.platform.engine.support.hierarchical.ThrowableCollector.execute(ThrowableCollector.java:73)
	at org.junit.platform.engine.support.hierarchical.NodeTestTask.lambda$executeRecursively$7(NodeTestTask.java:129)
	at org.junit.platform.engine.support.hierarchical.Node.around(Node.java:137)
	at org.junit.platform.engine.support.hierarchical.NodeTestTask.lambda$executeRecursively$8(NodeTestTask.java:127)
	at org.junit.platform.engine.support.hierarchical.ThrowableCollector.execute(ThrowableCollector.java:73)
	at org.junit.platform.engine.support.hierarchical.NodeTestTask.executeRecursively(NodeTestTask.java:126)
	at org.junit.platform.engine.support.hierarchical.NodeTestTask.execute(NodeTestTask.java:84)
	at java.base/java.util.ArrayList.forEach(ArrayList.java:1541)
	at org.junit.platform.engine.support.hierarchical.SameThreadHierarchicalTestExecutorService.invokeAll(SameThreadHierarchicalTestExecutorService.java:38)
	at org.junit.platform.engine.support.hierarchical.NodeTestTask.lambda$executeRecursively$5(NodeTestTask.java:143)
	at org.junit.platform.engine.support.hierarchical.ThrowableCollector.execute(ThrowableCollector.java:73)
	at org.junit.platform.engine.support.hierarchical.NodeTestTask.lambda$executeRecursively$7(NodeTestTask.java:129)
	at org.junit.platform.engine.support.hierarchical.Node.around(Node.java:137)
	at org.junit.platform.engine.support.hierarchical.NodeTestTask.lambda$executeRecursively$8(NodeTestTask.java:127)
	at org.junit.platform.engine.support.hierarchical.ThrowableCollector.execute(ThrowableCollector.java:73)
	at org.junit.platform.engine.support.hierarchical.NodeTestTask.executeRecursively(NodeTestTask.java:126)
	at org.junit.platform.engine.support.hierarchical.NodeTestTask.execute(NodeTestTask.java:84)
	at org.junit.platform.engine.support.hierarchical.SameThreadHierarchicalTestExecutorService.submit(SameThreadHierarchicalTestExecutorService.java:32)
	at org.junit.platform.engine.support.hierarchical.HierarchicalTestExecutor.execute(HierarchicalTestExecutor.java:57)
	at org.junit.platform.engine.support.hierarchical.HierarchicalTestEngine.execute(HierarchicalTestEngine.java:51)
	at org.junit.platform.launcher.core.EngineExecutionOrchestrator.execute(EngineExecutionOrchestrator.java:108)
	at org.junit.platform.launcher.core.EngineExecutionOrchestrator.execute(EngineExecutionOrchestrator.java:88)
	at org.junit.platform.launcher.core.EngineExecutionOrchestrator.lambda$execute$0(EngineExecutionOrchestrator.java:54)
	at org.junit.platform.launcher.core.EngineExecutionOrchestrator.withInterceptedStreams(EngineExecutionOrchestrator.java:67)
	at org.junit.platform.launcher.core.EngineExecutionOrchestrator.execute(EngineExecutionOrchestrator.java:52)
	at org.junit.platform.launcher.core.DefaultLauncher.execute(DefaultLauncher.java:96)
	at org.junit.platform.launcher.core.DefaultLauncher.execute(DefaultLauncher.java:75)
	at org.apache.maven.surefire.junitplatform.JUnitPlatformProvider.execute(JUnitPlatformProvider.java:188)
	at org.apache.maven.surefire.junitplatform.JUnitPlatformProvider.invokeAllTests(JUnitPlatformProvider.java:154)
	at org.apache.maven.surefire.junitplatform.JUnitPlatformProvider.invoke(JUnitPlatformProvider.java:128)
	at org.apache.maven.surefire.booter.ForkedBooter.runSuitesInProcess(ForkedBooter.java:428)
	at org.apache.maven.surefire.booter.ForkedBooter.execute(ForkedBooter.java:162)
	at org.apache.maven.surefire.booter.ForkedBooter.run(ForkedBooter.java:562)
	at org.apache.maven.surefire.booter.ForkedBooter.main(ForkedBooter.java:548)
Exception 4 :
java.util.NoSuchElementException: Cannot find value for key: kafka.output-topic
	at io.helidon.microprofile.config.ConfigCdiExtension.produce(ConfigCdiExtension.java:262)
	at io.helidon.microprofile.config.ConfigCdiExtension.lambda$registerConfigProducer$3(ConfigCdiExtension.java:195)
	at org.jboss.weld.bootstrap.events.configurator.BeanConfiguratorImpl$CreateCallback.create(BeanConfiguratorImpl.java:368)
	at org.jboss.weld.bootstrap.events.configurator.BeanConfiguratorImpl$CreateCallback.access$700(BeanConfiguratorImpl.java:338)
	at org.jboss.weld.bootstrap.events.configurator.BeanConfiguratorImpl$ImmutableBean.create(BeanConfiguratorImpl.java:503)
	at org.jboss.weld.contexts.unbound.DependentContextImpl.get(DependentContextImpl.java:64)
	at org.jboss.weld.bean.ContextualInstanceStrategy$DefaultContextualInstanceStrategy.get(ContextualInstanceStrategy.java:100)
	at org.jboss.weld.bean.ContextualInstance.get(ContextualInstance.java:50)
	at org.jboss.weld.manager.BeanManagerImpl.getReference(BeanManagerImpl.java:694)
	at org.jboss.weld.manager.BeanManagerImpl.getInjectableReference(BeanManagerImpl.java:794)
	at org.jboss.weld.manager.BeanManagerImpl.getInjectableReference(BeanManagerImpl.java:807)
	at org.jboss.weld.util.ForwardingBeanManager.getInjectableReference(ForwardingBeanManager.java:69)
	at org.jboss.weld.bean.builtin.BeanManagerProxy.getInjectableReference(BeanManagerProxy.java:93)
	at io.helidon.microprofile.config.ConfigCdiExtension.lambda$validate$5(ConfigCdiExtension.java:209)
	at java.base/java.lang.Iterable.forEach(Iterable.java:75)
	at io.helidon.microprofile.config.ConfigCdiExtension.validate(ConfigCdiExtension.java:207)
	at java.base/jdk.internal.reflect.NativeMethodAccessorImpl.invoke0(Native Method)
	at java.base/jdk.internal.reflect.NativeMethodAccessorImpl.invoke(NativeMethodAccessorImpl.java:62)
	at java.base/jdk.internal.reflect.DelegatingMethodAccessorImpl.invoke(DelegatingMethodAccessorImpl.java:43)
	at java.base/java.lang.reflect.Method.invoke(Method.java:566)
	at org.jboss.weld.injection.StaticMethodInjectionPoint.invoke(StaticMethodInjectionPoint.java:95)
	at org.jboss.weld.injection.MethodInvocationStrategy$SpecialParamPlusBeanManagerStrategy.invoke(MethodInvocationStrategy.java:187)
	at org.jboss.weld.event.ObserverMethodImpl.sendEvent(ObserverMethodImpl.java:330)
	at org.jboss.weld.event.ExtensionObserverMethodImpl.sendEvent(ExtensionObserverMethodImpl.java:123)
	at org.jboss.weld.event.ObserverMethodImpl.sendEvent(ObserverMethodImpl.java:308)
	at org.jboss.weld.event.ObserverMethodImpl.notify(ObserverMethodImpl.java:286)
	at javax.enterprise.inject.spi.ObserverMethod.notify(ObserverMethod.java:124)
	at org.jboss.weld.util.Observers.notify(Observers.java:166)
	at org.jboss.weld.event.ObserverNotifier.notifySyncObservers(ObserverNotifier.java:285)
	at org.jboss.weld.event.ObserverNotifier.notify(ObserverNotifier.java:273)
	at org.jboss.weld.event.ObserverNotifier.fireEvent(ObserverNotifier.java:177)
	at org.jboss.weld.event.ObserverNotifier.fireEvent(ObserverNotifier.java:171)
	at org.jboss.weld.bootstrap.events.AbstractContainerEvent.fire(AbstractContainerEvent.java:53)
	at org.jboss.weld.bootstrap.events.AbstractDeploymentContainerEvent.fire(AbstractDeploymentContainerEvent.java:35)
	at org.jboss.weld.bootstrap.events.AfterDeploymentValidationImpl.fire(AfterDeploymentValidationImpl.java:28)
	at org.jboss.weld.bootstrap.WeldStartup.validateBeans(WeldStartup.java:505)
	at org.jboss.weld.bootstrap.WeldBootstrap.validateBeans(WeldBootstrap.java:93)
	at io.helidon.microprofile.cdi.HelidonContainerImpl.doStart(HelidonContainerImpl.java:299)
	at io.helidon.common.context.Contexts.runInContext(Contexts.java:137)
	at io.helidon.microprofile.cdi.HelidonContainerImpl.start(HelidonContainerImpl.java:251)
	at io.helidon.microprofile.cdi.HelidonContainerInitializer.initialize(HelidonContainerInitializer.java:152)
	at io.helidon.microprofile.tests.junit5.HelidonJunitExtension.startContainer(HelidonJunitExtension.java:338)
	at io.helidon.microprofile.tests.junit5.HelidonJunitExtension.beforeAll(HelidonJunitExtension.java:142)
	at org.junit.jupiter.engine.descriptor.ClassBasedTestDescriptor.lambda$invokeBeforeAllCallbacks$8(ClassBasedTestDescriptor.java:368)
	at org.junit.platform.engine.support.hierarchical.ThrowableCollector.execute(ThrowableCollector.java:73)
	at org.junit.jupiter.engine.descriptor.ClassBasedTestDescriptor.invokeBeforeAllCallbacks(ClassBasedTestDescriptor.java:368)
	at org.junit.jupiter.engine.descriptor.ClassBasedTestDescriptor.before(ClassBasedTestDescriptor.java:192)
	at org.junit.jupiter.engine.descriptor.ClassBasedTestDescriptor.before(ClassBasedTestDescriptor.java:78)
	at org.junit.platform.engine.support.hierarchical.NodeTestTask.lambda$executeRecursively$5(NodeTestTask.java:136)
	at org.junit.platform.engine.support.hierarchical.ThrowableCollector.execute(ThrowableCollector.java:73)
	at org.junit.platform.engine.support.hierarchical.NodeTestTask.lambda$executeRecursively$7(NodeTestTask.java:129)
	at org.junit.platform.engine.support.hierarchical.Node.around(Node.java:137)
	at org.junit.platform.engine.support.hierarchical.NodeTestTask.lambda$executeRecursively$8(NodeTestTask.java:127)
	at org.junit.platform.engine.support.hierarchical.ThrowableCollector.execute(ThrowableCollector.java:73)
	at org.junit.platform.engine.support.hierarchical.NodeTestTask.executeRecursively(NodeTestTask.java:126)
	at org.junit.platform.engine.support.hierarchical.NodeTestTask.execute(NodeTestTask.java:84)
	at java.base/java.util.ArrayList.forEach(ArrayList.java:1541)
	at org.junit.platform.engine.support.hierarchical.SameThreadHierarchicalTestExecutorService.invokeAll(SameThreadHierarchicalTestExecutorService.java:38)
	at org.junit.platform.engine.support.hierarchical.NodeTestTask.lambda$executeRecursively$5(NodeTestTask.java:143)
	at org.junit.platform.engine.support.hierarchical.ThrowableCollector.execute(ThrowableCollector.java:73)
	at org.junit.platform.engine.support.hierarchical.NodeTestTask.lambda$executeRecursively$7(NodeTestTask.java:129)
	at org.junit.platform.engine.support.hierarchical.Node.around(Node.java:137)
	at org.junit.platform.engine.support.hierarchical.NodeTestTask.lambda$executeRecursively$8(NodeTestTask.java:127)
	at org.junit.platform.engine.support.hierarchical.ThrowableCollector.execute(ThrowableCollector.java:73)
	at org.junit.platform.engine.support.hierarchical.NodeTestTask.executeRecursively(NodeTestTask.java:126)
	at org.junit.platform.engine.support.hierarchical.NodeTestTask.execute(NodeTestTask.java:84)
	at org.junit.platform.engine.support.hierarchical.SameThreadHierarchicalTestExecutorService.submit(SameThreadHierarchicalTestExecutorService.java:32)
	at org.junit.platform.engine.support.hierarchical.HierarchicalTestExecutor.execute(HierarchicalTestExecutor.java:57)
	at org.junit.platform.engine.support.hierarchical.HierarchicalTestEngine.execute(HierarchicalTestEngine.java:51)
	at org.junit.platform.launcher.core.EngineExecutionOrchestrator.execute(EngineExecutionOrchestrator.java:108)
	at org.junit.platform.launcher.core.EngineExecutionOrchestrator.execute(EngineExecutionOrchestrator.java:88)
	at org.junit.platform.launcher.core.EngineExecutionOrchestrator.lambda$execute$0(EngineExecutionOrchestrator.java:54)
	at org.junit.platform.launcher.core.EngineExecutionOrchestrator.withInterceptedStreams(EngineExecutionOrchestrator.java:67)
	at org.junit.platform.launcher.core.EngineExecutionOrchestrator.execute(EngineExecutionOrchestrator.java:52)
	at org.junit.platform.launcher.core.DefaultLauncher.execute(DefaultLauncher.java:96)
	at org.junit.platform.launcher.core.DefaultLauncher.execute(DefaultLauncher.java:75)
	at org.apache.maven.surefire.junitplatform.JUnitPlatformProvider.execute(JUnitPlatformProvider.java:188)
	at org.apache.maven.surefire.junitplatform.JUnitPlatformProvider.invokeAllTests(JUnitPlatformProvider.java:154)
	at org.apache.maven.surefire.junitplatform.JUnitPlatformProvider.invoke(JUnitPlatformProvider.java:128)
	at org.apache.maven.surefire.booter.ForkedBooter.runSuitesInProcess(ForkedBooter.java:428)
	at org.apache.maven.surefire.booter.ForkedBooter.execute(ForkedBooter.java:162)
	at org.apache.maven.surefire.booter.ForkedBooter.run(ForkedBooter.java:562)
	at org.apache.maven.surefire.booter.ForkedBooter.main(ForkedBooter.java:548)
Exception 5 :
java.util.NoSuchElementException: Cannot find value for key: kafka.broker
	at io.helidon.microprofile.config.ConfigCdiExtension.produce(ConfigCdiExtension.java:262)
	at io.helidon.microprofile.config.ConfigCdiExtension.lambda$registerConfigProducer$3(ConfigCdiExtension.java:195)
	at org.jboss.weld.bootstrap.events.configurator.BeanConfiguratorImpl$CreateCallback.create(BeanConfiguratorImpl.java:368)
	at org.jboss.weld.bootstrap.events.configurator.BeanConfiguratorImpl$CreateCallback.access$700(BeanConfiguratorImpl.java:338)
	at org.jboss.weld.bootstrap.events.configurator.BeanConfiguratorImpl$ImmutableBean.create(BeanConfiguratorImpl.java:503)
	at org.jboss.weld.contexts.unbound.DependentContextImpl.get(DependentContextImpl.java:64)
	at org.jboss.weld.bean.ContextualInstanceStrategy$DefaultContextualInstanceStrategy.get(ContextualInstanceStrategy.java:100)
	at org.jboss.weld.bean.ContextualInstance.get(ContextualInstance.java:50)
	at org.jboss.weld.manager.BeanManagerImpl.getReference(BeanManagerImpl.java:694)
	at org.jboss.weld.manager.BeanManagerImpl.getInjectableReference(BeanManagerImpl.java:794)
	at org.jboss.weld.manager.BeanManagerImpl.getInjectableReference(BeanManagerImpl.java:807)
	at org.jboss.weld.util.ForwardingBeanManager.getInjectableReference(ForwardingBeanManager.java:69)
	at org.jboss.weld.bean.builtin.BeanManagerProxy.getInjectableReference(BeanManagerProxy.java:93)
	at io.helidon.microprofile.config.ConfigCdiExtension.lambda$validate$5(ConfigCdiExtension.java:209)
	at java.base/java.lang.Iterable.forEach(Iterable.java:75)
	at io.helidon.microprofile.config.ConfigCdiExtension.validate(ConfigCdiExtension.java:207)
	at java.base/jdk.internal.reflect.NativeMethodAccessorImpl.invoke0(Native Method)
	at java.base/jdk.internal.reflect.NativeMethodAccessorImpl.invoke(NativeMethodAccessorImpl.java:62)
	at java.base/jdk.internal.reflect.DelegatingMethodAccessorImpl.invoke(DelegatingMethodAccessorImpl.java:43)
	at java.base/java.lang.reflect.Method.invoke(Method.java:566)
	at org.jboss.weld.injection.StaticMethodInjectionPoint.invoke(StaticMethodInjectionPoint.java:95)
	at org.jboss.weld.injection.MethodInvocationStrategy$SpecialParamPlusBeanManagerStrategy.invoke(MethodInvocationStrategy.java:187)
	at org.jboss.weld.event.ObserverMethodImpl.sendEvent(ObserverMethodImpl.java:330)
	at org.jboss.weld.event.ExtensionObserverMethodImpl.sendEvent(ExtensionObserverMethodImpl.java:123)
	at org.jboss.weld.event.ObserverMethodImpl.sendEvent(ObserverMethodImpl.java:308)
	at org.jboss.weld.event.ObserverMethodImpl.notify(ObserverMethodImpl.java:286)
	at javax.enterprise.inject.spi.ObserverMethod.notify(ObserverMethod.java:124)
	at org.jboss.weld.util.Observers.notify(Observers.java:166)
	at org.jboss.weld.event.ObserverNotifier.notifySyncObservers(ObserverNotifier.java:285)
	at org.jboss.weld.event.ObserverNotifier.notify(ObserverNotifier.java:273)
	at org.jboss.weld.event.ObserverNotifier.fireEvent(ObserverNotifier.java:177)
	at org.jboss.weld.event.ObserverNotifier.fireEvent(ObserverNotifier.java:171)
	at org.jboss.weld.bootstrap.events.AbstractContainerEvent.fire(AbstractContainerEvent.java:53)
	at org.jboss.weld.bootstrap.events.AbstractDeploymentContainerEvent.fire(AbstractDeploymentContainerEvent.java:35)
	at org.jboss.weld.bootstrap.events.AfterDeploymentValidationImpl.fire(AfterDeploymentValidationImpl.java:28)
	at org.jboss.weld.bootstrap.WeldStartup.validateBeans(WeldStartup.java:505)
	at org.jboss.weld.bootstrap.WeldBootstrap.validateBeans(WeldBootstrap.java:93)
	at io.helidon.microprofile.cdi.HelidonContainerImpl.doStart(HelidonContainerImpl.java:299)
	at io.helidon.common.context.Contexts.runInContext(Contexts.java:137)
	at io.helidon.microprofile.cdi.HelidonContainerImpl.start(HelidonContainerImpl.java:251)
	at io.helidon.microprofile.cdi.HelidonContainerInitializer.initialize(HelidonContainerInitializer.java:152)
	at io.helidon.microprofile.tests.junit5.HelidonJunitExtension.startContainer(HelidonJunitExtension.java:338)
	at io.helidon.microprofile.tests.junit5.HelidonJunitExtension.beforeAll(HelidonJunitExtension.java:142)
	at org.junit.jupiter.engine.descriptor.ClassBasedTestDescriptor.lambda$invokeBeforeAllCallbacks$8(ClassBasedTestDescriptor.java:368)
	at org.junit.platform.engine.support.hierarchical.ThrowableCollector.execute(ThrowableCollector.java:73)
	at org.junit.jupiter.engine.descriptor.ClassBasedTestDescriptor.invokeBeforeAllCallbacks(ClassBasedTestDescriptor.java:368)
	at org.junit.jupiter.engine.descriptor.ClassBasedTestDescriptor.before(ClassBasedTestDescriptor.java:192)
	at org.junit.jupiter.engine.descriptor.ClassBasedTestDescriptor.before(ClassBasedTestDescriptor.java:78)
	at org.junit.platform.engine.support.hierarchical.NodeTestTask.lambda$executeRecursively$5(NodeTestTask.java:136)
	at org.junit.platform.engine.support.hierarchical.ThrowableCollector.execute(ThrowableCollector.java:73)
	at org.junit.platform.engine.support.hierarchical.NodeTestTask.lambda$executeRecursively$7(NodeTestTask.java:129)
	at org.junit.platform.engine.support.hierarchical.Node.around(Node.java:137)
	at org.junit.platform.engine.support.hierarchical.NodeTestTask.lambda$executeRecursively$8(NodeTestTask.java:127)
	at org.junit.platform.engine.support.hierarchical.ThrowableCollector.execute(ThrowableCollector.java:73)
	at org.junit.platform.engine.support.hierarchical.NodeTestTask.executeRecursively(NodeTestTask.java:126)
	at org.junit.platform.engine.support.hierarchical.NodeTestTask.execute(NodeTestTask.java:84)
	at java.base/java.util.ArrayList.forEach(ArrayList.java:1541)
	at org.junit.platform.engine.support.hierarchical.SameThreadHierarchicalTestExecutorService.invokeAll(SameThreadHierarchicalTestExecutorService.java:38)
	at org.junit.platform.engine.support.hierarchical.NodeTestTask.lambda$executeRecursively$5(NodeTestTask.java:143)
	at org.junit.platform.engine.support.hierarchical.ThrowableCollector.execute(ThrowableCollector.java:73)
	at org.junit.platform.engine.support.hierarchical.NodeTestTask.lambda$executeRecursively$7(NodeTestTask.java:129)
	at org.junit.platform.engine.support.hierarchical.Node.around(Node.java:137)
	at org.junit.platform.engine.support.hierarchical.NodeTestTask.lambda$executeRecursively$8(NodeTestTask.java:127)
	at org.junit.platform.engine.support.hierarchical.ThrowableCollector.execute(ThrowableCollector.java:73)
	at org.junit.platform.engine.support.hierarchical.NodeTestTask.executeRecursively(NodeTestTask.java:126)
	at org.junit.platform.engine.support.hierarchical.NodeTestTask.execute(NodeTestTask.java:84)
	at org.junit.platform.engine.support.hierarchical.SameThreadHierarchicalTestExecutorService.submit(SameThreadHierarchicalTestExecutorService.java:32)
	at org.junit.platform.engine.support.hierarchical.HierarchicalTestExecutor.execute(HierarchicalTestExecutor.java:57)
	at org.junit.platform.engine.support.hierarchical.HierarchicalTestEngine.execute(HierarchicalTestEngine.java:51)
	at org.junit.platform.launcher.core.EngineExecutionOrchestrator.execute(EngineExecutionOrchestrator.java:108)
	at org.junit.platform.launcher.core.EngineExecutionOrchestrator.execute(EngineExecutionOrchestrator.java:88)
	at org.junit.platform.launcher.core.EngineExecutionOrchestrator.lambda$execute$0(EngineExecutionOrchestrator.java:54)
	at org.junit.platform.launcher.core.EngineExecutionOrchestrator.withInterceptedStreams(EngineExecutionOrchestrator.java:67)
	at org.junit.platform.launcher.core.EngineExecutionOrchestrator.execute(EngineExecutionOrchestrator.java:52)
	at org.junit.platform.launcher.core.DefaultLauncher.execute(DefaultLauncher.java:96)
	at org.junit.platform.launcher.core.DefaultLauncher.execute(DefaultLauncher.java:75)
	at org.apache.maven.surefire.junitplatform.JUnitPlatformProvider.execute(JUnitPlatformProvider.java:188)
	at org.apache.maven.surefire.junitplatform.JUnitPlatformProvider.invokeAllTests(JUnitPlatformProvider.java:154)
	at org.apache.maven.surefire.junitplatform.JUnitPlatformProvider.invoke(JUnitPlatformProvider.java:128)
	at org.apache.maven.surefire.booter.ForkedBooter.runSuitesInProcess(ForkedBooter.java:428)
	at org.apache.maven.surefire.booter.ForkedBooter.execute(ForkedBooter.java:162)
	at org.apache.maven.surefire.booter.ForkedBooter.run(ForkedBooter.java:562)
	at org.apache.maven.surefire.booter.ForkedBooter.main(ForkedBooter.java:548)
Exception 6 :
java.util.NoSuchElementException: Cannot find value for key: kafka.stream.application-id
	at io.helidon.microprofile.config.ConfigCdiExtension.produce(ConfigCdiExtension.java:262)
	at io.helidon.microprofile.config.ConfigCdiExtension.lambda$registerConfigProducer$3(ConfigCdiExtension.java:195)
	at org.jboss.weld.bootstrap.events.configurator.BeanConfiguratorImpl$CreateCallback.create(BeanConfiguratorImpl.java:368)
	at org.jboss.weld.bootstrap.events.configurator.BeanConfiguratorImpl$CreateCallback.access$700(BeanConfiguratorImpl.java:338)
	at org.jboss.weld.bootstrap.events.configurator.BeanConfiguratorImpl$ImmutableBean.create(BeanConfiguratorImpl.java:503)
	at org.jboss.weld.contexts.unbound.DependentContextImpl.get(DependentContextImpl.java:64)
	at org.jboss.weld.bean.ContextualInstanceStrategy$DefaultContextualInstanceStrategy.get(ContextualInstanceStrategy.java:100)
	at org.jboss.weld.bean.ContextualInstance.get(ContextualInstance.java:50)
	at org.jboss.weld.manager.BeanManagerImpl.getReference(BeanManagerImpl.java:694)
	at org.jboss.weld.manager.BeanManagerImpl.getInjectableReference(BeanManagerImpl.java:794)
	at org.jboss.weld.manager.BeanManagerImpl.getInjectableReference(BeanManagerImpl.java:807)
	at org.jboss.weld.util.ForwardingBeanManager.getInjectableReference(ForwardingBeanManager.java:69)
	at org.jboss.weld.bean.builtin.BeanManagerProxy.getInjectableReference(BeanManagerProxy.java:93)
	at io.helidon.microprofile.config.ConfigCdiExtension.lambda$validate$5(ConfigCdiExtension.java:209)
	at java.base/java.lang.Iterable.forEach(Iterable.java:75)
	at io.helidon.microprofile.config.ConfigCdiExtension.validate(ConfigCdiExtension.java:207)
	at java.base/jdk.internal.reflect.NativeMethodAccessorImpl.invoke0(Native Method)
	at java.base/jdk.internal.reflect.NativeMethodAccessorImpl.invoke(NativeMethodAccessorImpl.java:62)
	at java.base/jdk.internal.reflect.DelegatingMethodAccessorImpl.invoke(DelegatingMethodAccessorImpl.java:43)
	at java.base/java.lang.reflect.Method.invoke(Method.java:566)
	at org.jboss.weld.injection.StaticMethodInjectionPoint.invoke(StaticMethodInjectionPoint.java:95)
	at org.jboss.weld.injection.MethodInvocationStrategy$SpecialParamPlusBeanManagerStrategy.invoke(MethodInvocationStrategy.java:187)
	at org.jboss.weld.event.ObserverMethodImpl.sendEvent(ObserverMethodImpl.java:330)
	at org.jboss.weld.event.ExtensionObserverMethodImpl.sendEvent(ExtensionObserverMethodImpl.java:123)
	at org.jboss.weld.event.ObserverMethodImpl.sendEvent(ObserverMethodImpl.java:308)
	at org.jboss.weld.event.ObserverMethodImpl.notify(ObserverMethodImpl.java:286)
	at javax.enterprise.inject.spi.ObserverMethod.notify(ObserverMethod.java:124)
	at org.jboss.weld.util.Observers.notify(Observers.java:166)
	at org.jboss.weld.event.ObserverNotifier.notifySyncObservers(ObserverNotifier.java:285)
	at org.jboss.weld.event.ObserverNotifier.notify(ObserverNotifier.java:273)
	at org.jboss.weld.event.ObserverNotifier.fireEvent(ObserverNotifier.java:177)
	at org.jboss.weld.event.ObserverNotifier.fireEvent(ObserverNotifier.java:171)
	at org.jboss.weld.bootstrap.events.AbstractContainerEvent.fire(AbstractContainerEvent.java:53)
	at org.jboss.weld.bootstrap.events.AbstractDeploymentContainerEvent.fire(AbstractDeploymentContainerEvent.java:35)
	at org.jboss.weld.bootstrap.events.AfterDeploymentValidationImpl.fire(AfterDeploymentValidationImpl.java:28)
	at org.jboss.weld.bootstrap.WeldStartup.validateBeans(WeldStartup.java:505)
	at org.jboss.weld.bootstrap.WeldBootstrap.validateBeans(WeldBootstrap.java:93)
	at io.helidon.microprofile.cdi.HelidonContainerImpl.doStart(HelidonContainerImpl.java:299)
	at io.helidon.common.context.Contexts.runInContext(Contexts.java:137)
	at io.helidon.microprofile.cdi.HelidonContainerImpl.start(HelidonContainerImpl.java:251)
	at io.helidon.microprofile.cdi.HelidonContainerInitializer.initialize(HelidonContainerInitializer.java:152)
	at io.helidon.microprofile.tests.junit5.HelidonJunitExtension.startContainer(HelidonJunitExtension.java:338)
	at io.helidon.microprofile.tests.junit5.HelidonJunitExtension.beforeAll(HelidonJunitExtension.java:142)
	at org.junit.jupiter.engine.descriptor.ClassBasedTestDescriptor.lambda$invokeBeforeAllCallbacks$8(ClassBasedTestDescriptor.java:368)
	at org.junit.platform.engine.support.hierarchical.ThrowableCollector.execute(ThrowableCollector.java:73)
	at org.junit.jupiter.engine.descriptor.ClassBasedTestDescriptor.invokeBeforeAllCallbacks(ClassBasedTestDescriptor.java:368)
	at org.junit.jupiter.engine.descriptor.ClassBasedTestDescriptor.before(ClassBasedTestDescriptor.java:192)
	at org.junit.jupiter.engine.descriptor.ClassBasedTestDescriptor.before(ClassBasedTestDescriptor.java:78)
	at org.junit.platform.engine.support.hierarchical.NodeTestTask.lambda$executeRecursively$5(NodeTestTask.java:136)
	at org.junit.platform.engine.support.hierarchical.ThrowableCollector.execute(ThrowableCollector.java:73)
	at org.junit.platform.engine.support.hierarchical.NodeTestTask.lambda$executeRecursively$7(NodeTestTask.java:129)
	at org.junit.platform.engine.support.hierarchical.Node.around(Node.java:137)
	at org.junit.platform.engine.support.hierarchical.NodeTestTask.lambda$executeRecursively$8(NodeTestTask.java:127)
	at org.junit.platform.engine.support.hierarchical.ThrowableCollector.execute(ThrowableCollector.java:73)
	at org.junit.platform.engine.support.hierarchical.NodeTestTask.executeRecursively(NodeTestTask.java:126)
	at org.junit.platform.engine.support.hierarchical.NodeTestTask.execute(NodeTestTask.java:84)
	at java.base/java.util.ArrayList.forEach(ArrayList.java:1541)
	at org.junit.platform.engine.support.hierarchical.SameThreadHierarchicalTestExecutorService.invokeAll(SameThreadHierarchicalTestExecutorService.java:38)
	at org.junit.platform.engine.support.hierarchical.NodeTestTask.lambda$executeRecursively$5(NodeTestTask.java:143)
	at org.junit.platform.engine.support.hierarchical.ThrowableCollector.execute(ThrowableCollector.java:73)
	at org.junit.platform.engine.support.hierarchical.NodeTestTask.lambda$executeRecursively$7(NodeTestTask.java:129)
	at org.junit.platform.engine.support.hierarchical.Node.around(Node.java:137)
	at org.junit.platform.engine.support.hierarchical.NodeTestTask.lambda$executeRecursively$8(NodeTestTask.java:127)
	at org.junit.platform.engine.support.hierarchical.ThrowableCollector.execute(ThrowableCollector.java:73)
	at org.junit.platform.engine.support.hierarchical.NodeTestTask.executeRecursively(NodeTestTask.java:126)
	at org.junit.platform.engine.support.hierarchical.NodeTestTask.execute(NodeTestTask.java:84)
	at org.junit.platform.engine.support.hierarchical.SameThreadHierarchicalTestExecutorService.submit(SameThreadHierarchicalTestExecutorService.java:32)
	at org.junit.platform.engine.support.hierarchical.HierarchicalTestExecutor.execute(HierarchicalTestExecutor.java:57)
	at org.junit.platform.engine.support.hierarchical.HierarchicalTestEngine.execute(HierarchicalTestEngine.java:51)
	at org.junit.platform.launcher.core.EngineExecutionOrchestrator.execute(EngineExecutionOrchestrator.java:108)
	at org.junit.platform.launcher.core.EngineExecutionOrchestrator.execute(EngineExecutionOrchestrator.java:88)
	at org.junit.platform.launcher.core.EngineExecutionOrchestrator.lambda$execute$0(EngineExecutionOrchestrator.java:54)
	at org.junit.platform.launcher.core.EngineExecutionOrchestrator.withInterceptedStreams(EngineExecutionOrchestrator.java:67)
	at org.junit.platform.launcher.core.EngineExecutionOrchestrator.execute(EngineExecutionOrchestrator.java:52)
	at org.junit.platform.launcher.core.DefaultLauncher.execute(DefaultLauncher.java:96)
	at org.junit.platform.launcher.core.DefaultLauncher.execute(DefaultLauncher.java:75)
	at org.apache.maven.surefire.junitplatform.JUnitPlatformProvider.execute(JUnitPlatformProvider.java:188)
	at org.apache.maven.surefire.junitplatform.JUnitPlatformProvider.invokeAllTests(JUnitPlatformProvider.java:154)
	at org.apache.maven.surefire.junitplatform.JUnitPlatformProvider.invoke(JUnitPlatformProvider.java:128)
	at org.apache.maven.surefire.booter.ForkedBooter.runSuitesInProcess(ForkedBooter.java:428)
	at org.apache.maven.surefire.booter.ForkedBooter.execute(ForkedBooter.java:162)
	at org.apache.maven.surefire.booter.ForkedBooter.run(ForkedBooter.java:562)
	at org.apache.maven.surefire.booter.ForkedBooter.main(ForkedBooter.java:548)

]]></error>
    <system-out><![CDATA[2022.06.16 12:54:33 INFO io.helidon.common.LogConfig Thread[main,5,main]: Logging at initialization configured using /Users/arpibans/Stats-service/target/classes/logging.properties
]]></system-out>
  </testcase>
</testsuite>